--------------------------------info[16:27:13]--------------------------------
System.Exception: 程序运行目录 : C:\Users\zhangwei\Desktop\WestWorldVPN-For-Windows\WestWorldVPN.exe

 
--------------------------------info[16:27:13]--------------------------------
System.Exception: Main exe start up 1.06

 
--------------------------------info[16:27:13]--------------------------------
System.Exception: 网络请求地址：https://xbvpn.site/system/default/init?config_version=11c91037d7aa5c60d88ad4fac50ce49e

 
--------------------------------info[16:27:14]--------------------------------
System.Exception: PAC Webserver prefixes http://127.0.0.1:21883/pac/

 
--------------------------------info[16:27:14]--------------------------------
System.Exception: PAC Webserver at 127.0.0.1:21883

 
--------------------------------info[16:27:14]--------------------------------
System.Exception: PAC Webserver running...

 
--------------------------------info[16:27:15]--------------------------------
System.Exception: PAC Webserver Request 127.0.0.1

 
--------------------------------info[16:27:15]--------------------------------
System.Exception: PAC Webserver Request 127.0.0.1

 
--------------------------------info[16:27:15]--------------------------------
System.Exception: PAC Webserver Request 127.0.0.1

 
--------------------------------info[16:27:15]--------------------------------
System.Exception: PAC Webserver Request 127.0.0.1

 
--------------------------------info[16:27:15]--------------------------------
System.Exception: PAC Webserver Request 127.0.0.1

 
--------------------------------info[16:27:15]--------------------------------
System.Exception: PAC Webserver Request 127.0.0.1

 
--------------------------------info[16:27:15]--------------------------------
System.Exception: PAC Webserver Request 127.0.0.1

 
--------------------------------info[16:27:16]--------------------------------
System.Exception: PAC Webserver Request 127.0.0.1

 
--------------------------------info[16:27:17]--------------------------------
System.Exception: 网络请求地址：https://xbvpn.site/user/account/get-info

 
--------------------------------info[16:27:18]--------------------------------
System.Exception: 网络请求地址：https://xbvpn.site/system/default/init?config_version=d7470bb59320ff7c0919989ae95a4078

 
--------------------------------info[16:27:18]--------------------------------
System.Exception: 网络请求地址：https://xbvpn.site/user/node/get-list?limit=500&net_type=TROJAN&request_platform=APP_WINDOWS

 
--------------------------------由于线程退出或应用程序请求，已中止 I/O 操作。[16:27:32]--------------------------------
System.Net.HttpListenerException (0x80004005): 由于线程退出或应用程序请求，已中止 I/O 操作。
   在 System.Net.HttpListener.GetContext()
   在 WestWorldVPN.Component.HttpWebServer.<Run>b__4_0(Object o)

 
--------------------------------info[16:27:40]--------------------------------
System.Exception: PAC Webserver prefixes http://127.0.0.1:21883/pac/

 
--------------------------------info[16:27:40]--------------------------------
System.Exception: PAC Webserver at 127.0.0.1:21883

 
--------------------------------info[16:27:40]--------------------------------
System.Exception: PAC Webserver Request 127.0.0.1

 
--------------------------------info[16:27:40]--------------------------------
System.Exception: PAC Webserver Request 127.0.0.1

 
--------------------------------info[16:27:40]--------------------------------
System.Exception: PAC Webserver Request 127.0.0.1

 
--------------------------------info[16:27:40]--------------------------------
System.Exception: PAC Webserver Request 127.0.0.1

 
--------------------------------info[16:27:40]--------------------------------
System.Exception: PAC Webserver Request 127.0.0.1

 
--------------------------------info[16:27:40]--------------------------------
System.Exception: PAC Webserver Request 127.0.0.1

 
--------------------------------info[16:27:40]--------------------------------
System.Exception: PAC Webserver Request 127.0.0.1

 
--------------------------------info[16:27:40]--------------------------------
System.Exception: PAC Webserver Request 127.0.0.1

 
--------------------------------info[16:27:40]--------------------------------
System.Exception: PAC Webserver Request 127.0.0.1

 
--------------------------------info[16:27:40]--------------------------------
System.Exception: PAC Webserver Request 127.0.0.1

 
--------------------------------info[16:27:40]--------------------------------
System.Exception: PAC Webserver Request 127.0.0.1

 
--------------------------------info[16:27:43]--------------------------------
System.Exception: 网络请求地址：https://xbvpn.site/user/node/get-list?limit=500&net_type=TROJAN&request_platform=APP_WINDOWS

 
--------------------------------info[16:33:19]--------------------------------
System.Exception: 网络请求地址：https://xbvpn.site/user/account/get-info

 
--------------------------------由于线程退出或应用程序请求，已中止 I/O 操作。[16:33:20]--------------------------------
System.Net.HttpListenerException (0x80004005): 由于线程退出或应用程序请求，已中止 I/O 操作。
   在 System.Net.HttpListener.GetContext()
   在 WestWorldVPN.Component.HttpWebServer.<Run>b__4_0(Object o)

 
--------------------------------info[16:33:22]--------------------------------
System.Exception: 网络请求地址：https://xbvpn.site/system/default/init?config_version=f45d5edfe53ed2459e5d7b65bb8236d7

 
--------------------------------info[16:33:22]--------------------------------
System.Exception: 网络请求地址：https://xbvpn.site/user/node/get-list?limit=500&net_type=TROJAN&request_platform=APP_WINDOWS

 
