--------------------------------info[17:50:05]--------------------------------
System.Exception: 程序运行目录 : C:\Users\zhangwei\Desktop\WestWorldVPN-For-Windows\WestWorldVPN.exe

 
--------------------------------info[17:50:05]--------------------------------
System.Exception: Main exe start up 1.06

 
--------------------------------info[17:50:05]--------------------------------
System.Exception: 网络请求地址：https://xbvpn.site/system/default/init?config_version=b609d0629ed680ccf44d81aa0816288c

 
--------------------------------info[17:50:10]--------------------------------
System.Exception: 网络请求地址：https://xbvpn.site/user/account/get-info

 
--------------------------------info[17:50:11]--------------------------------
System.Exception: 网络请求地址：https://xbvpn.site/system/default/init?config_version=9e84f7234a79f48a22fc769116e9ed99

 
--------------------------------info[17:50:11]--------------------------------
System.Exception: 网络请求地址：https://xbvpn.site/user/node/get-list?limit=500&net_type=TROJAN&request_platform=APP_WINDOWS

 
--------------------------------info[17:50:23]--------------------------------
System.Exception: PAC Webserver prefixes http://127.0.0.1:21883/pac/

 
--------------------------------info[17:50:23]--------------------------------
System.Exception: PAC Webserver at 127.0.0.1:21883

 
--------------------------------info[17:50:23]--------------------------------
System.Exception: PAC Webserver running...

 
--------------------------------info[21:27:47]--------------------------------
System.Exception: 网络请求地址：https://xbvpn.site/user/account/get-info

 
--------------------------------由于线程退出或应用程序请求，已中止 I/O 操作。[21:27:48]--------------------------------
System.Net.HttpListenerException (0x80004005): 由于线程退出或应用程序请求，已中止 I/O 操作。
   在 System.Net.HttpListener.GetContext()
   在 WestWorldVPN.Component.HttpWebServer.<Run>b__4_0(Object o)

 
--------------------------------info[21:27:49]--------------------------------
System.Exception: 网络请求地址：https://xbvpn.site/system/default/init?config_version=8cc380aa70fcb00d4f3fc6e4fea61618

 
--------------------------------info[21:27:49]--------------------------------
System.Exception: 网络请求地址：https://xbvpn.site/user/node/get-list?limit=500&net_type=TROJAN&request_platform=APP_WINDOWS

 
