--------------------------------info[11:10:20]--------------------------------
System.Exception: 程序运行目录 : C:\Users\zhangwei\Desktop\WestWorldVPN-For-Windows\WestWorldVPN.exe

 
--------------------------------info[11:10:20]--------------------------------
System.Exception: Main exe start up 1.06

 
--------------------------------info[11:10:21]--------------------------------
System.Exception: 网络请求地址：https://xbvpn.site/system/default/init?config_version=038f95e8cc584e4915c0e19440decd0c

 
--------------------------------info[11:10:23]--------------------------------
System.Exception: 网络请求地址：https://xbvpn.site/user/account/get-info

 
--------------------------------info[11:10:23]--------------------------------
System.Exception: 网络请求地址：https://xbvpn.site/system/default/init?config_version=038f95e8cc584e4915c0e19440decd0c

 
--------------------------------info[11:10:23]--------------------------------
System.Exception: 网络请求地址：https://xbvpn.site/user/node/get-list?limit=500&net_type=TROJAN&request_platform=APP_WINDOWS

 
--------------------------------info[11:10:30]--------------------------------
System.Exception: PAC Webserver prefixes http://127.0.0.1:21883/pac/

 
--------------------------------info[11:10:30]--------------------------------
System.Exception: PAC Webserver at 127.0.0.1:21883

 
--------------------------------info[11:10:30]--------------------------------
System.Exception: PAC Webserver running...

 
--------------------------------info[11:10:57]--------------------------------
System.Exception: 网络请求地址：https://xbvpn.site/user/node/get-list?limit=500&net_type=TROJAN&request_platform=APP_WINDOWS

 
--------------------------------由于线程退出或应用程序请求，已中止 I/O 操作。[11:11:16]--------------------------------
System.Net.HttpListenerException (0x80004005): 由于线程退出或应用程序请求，已中止 I/O 操作。
   在 System.Net.HttpListener.GetContext()
   在 WestWorldVPN.Component.HttpWebServer.<Run>b__4_0(Object o)

 
--------------------------------info[11:11:17]--------------------------------
System.Exception: PAC Webserver prefixes http://127.0.0.1:21883/pac/

 
--------------------------------info[11:11:17]--------------------------------
System.Exception: PAC Webserver at 127.0.0.1:21883

 
--------------------------------info[11:11:19]--------------------------------
System.Exception: 网络请求地址：https://xbvpn.site/user/node/get-list?limit=500&net_type=TROJAN&request_platform=APP_WINDOWS

 
--------------------------------由于线程退出或应用程序请求，已中止 I/O 操作。[11:11:23]--------------------------------
System.Net.HttpListenerException (0x80004005): 由于线程退出或应用程序请求，已中止 I/O 操作。
   在 System.Net.HttpListener.GetContext()
   在 WestWorldVPN.Component.HttpWebServer.<Run>b__4_0(Object o)

 
--------------------------------info[11:11:25]--------------------------------
System.Exception: 网络请求地址：https://xbvpn.site/user/account/get-info

 
--------------------------------info[11:11:25]--------------------------------
System.Exception: 网络请求地址：https://xbvpn.site/system/default/init?config_version=d336a5b9c66b8f834fabffb656d11b44

 
--------------------------------info[11:11:28]--------------------------------
System.Exception: PAC Webserver prefixes http://127.0.0.1:21883/pac/

 
--------------------------------info[11:11:28]--------------------------------
System.Exception: PAC Webserver running...

 
--------------------------------info[11:19:41]--------------------------------
System.Exception: 网络请求地址：https://xbvpn.site/user/account/get-info

 
--------------------------------由于线程退出或应用程序请求，已中止 I/O 操作。[11:19:42]--------------------------------
System.Net.HttpListenerException (0x80004005): 由于线程退出或应用程序请求，已中止 I/O 操作。
   在 System.Net.HttpListener.GetContext()
   在 WestWorldVPN.Component.HttpWebServer.<Run>b__4_0(Object o)

 
--------------------------------info[11:19:43]--------------------------------
System.Exception: 网络请求地址：https://xbvpn.site/system/default/init?config_version=7174cba8d72b9723ee6b2c341aabb518

 
--------------------------------info[11:19:43]--------------------------------
System.Exception: 网络请求地址：https://xbvpn.site/user/node/get-list?limit=500&net_type=TROJAN&request_platform=APP_WINDOWS

 
--------------------------------info[11:20:03]--------------------------------
System.Exception: PAC Webserver prefixes http://127.0.0.1:21883/pac/

 
--------------------------------info[11:20:03]--------------------------------
System.Exception: PAC Webserver at 127.0.0.1:21883

 
--------------------------------info[11:52:18]--------------------------------
System.Exception: 网络请求地址：https://xbvpn.site/user/account/get-info

 
--------------------------------info[11:52:19]--------------------------------
System.Exception: 网络请求地址：https://xbvpn.site/system/default/init?config_version=5ae7056b6dfe80081547025657ff6207

 
--------------------------------info[11:52:19]--------------------------------
System.Exception: 网络请求地址：https://xbvpn.site/user/node/get-list?limit=500&net_type=TROJAN&request_platform=APP_WINDOWS

 
--------------------------------由于线程退出或应用程序请求，已中止 I/O 操作。[11:52:20]--------------------------------
System.Net.HttpListenerException (0x80004005): 由于线程退出或应用程序请求，已中止 I/O 操作。
   在 System.Net.HttpListener.GetContext()
   在 WestWorldVPN.Component.HttpWebServer.<Run>b__4_0(Object o)

 
--------------------------------info[12:55:03]--------------------------------
System.Exception: 网络请求地址：https://xbvpn.site/user/account/get-info

 
--------------------------------info[12:55:04]--------------------------------
System.Exception: 网络请求地址：https://xbvpn.site/system/default/init?config_version=373e4bcfba0571c565de4d713a3d6458

 
--------------------------------info[12:55:04]--------------------------------
System.Exception: 网络请求地址：https://xbvpn.site/user/node/get-list?limit=500&net_type=TROJAN&request_platform=APP_WINDOWS

 
--------------------------------info[13:58:19]--------------------------------
System.Exception: 网络请求地址：https://xbvpn.site/user/account/get-info

 
--------------------------------info[13:58:20]--------------------------------
System.Exception: 网络请求地址：https://xbvpn.site/system/default/init?config_version=359fdddffd62795359cd3fd11337cf8b

 
--------------------------------info[13:58:20]--------------------------------
System.Exception: 网络请求地址：https://xbvpn.site/user/node/get-list?limit=500&net_type=TROJAN&request_platform=APP_WINDOWS

 
--------------------------------info[13:58:23]--------------------------------
System.Exception: PAC Webserver prefixes http://127.0.0.1:21883/pac/

 
--------------------------------info[13:58:23]--------------------------------
System.Exception: PAC Webserver running...

 
--------------------------------info[14:00:47]--------------------------------
System.Exception: 网络请求地址：https://xbvpn.site/user/account/get-info

 
--------------------------------info[14:00:48]--------------------------------
System.Exception: 网络请求地址：https://xbvpn.site/system/default/init?config_version=85407f40e8243c83012c571a69382fec

 
--------------------------------info[14:00:48]--------------------------------
System.Exception: 网络请求地址：https://xbvpn.site/user/node/get-list?limit=500&net_type=TROJAN&request_platform=APP_WINDOWS

 
--------------------------------info[14:31:45]--------------------------------
System.Exception: 网络请求地址：https://xbvpn.site/user/account/get-info

 
--------------------------------info[14:31:46]--------------------------------
System.Exception: 网络请求地址：https://xbvpn.site/system/default/init?config_version=1aae5fa5f48e7380ef7c4bbbe8345154

 
--------------------------------info[14:31:46]--------------------------------
System.Exception: 网络请求地址：https://xbvpn.site/user/node/get-list?limit=500&net_type=TROJAN&request_platform=APP_WINDOWS

 
--------------------------------由于线程退出或应用程序请求，已中止 I/O 操作。[14:31:47]--------------------------------
System.Net.HttpListenerException (0x80004005): 由于线程退出或应用程序请求，已中止 I/O 操作。
   在 System.Net.HttpListener.GetContext()
   在 WestWorldVPN.Component.HttpWebServer.<Run>b__4_0(Object o)

 
--------------------------------info[15:27:57]--------------------------------
System.Exception: 网络请求地址：https://xbvpn.site/user/account/get-info

 
--------------------------------info[15:27:58]--------------------------------
System.Exception: 网络请求地址：https://xbvpn.site/system/default/init?config_version=49ebaaa3f0aef81794bbd7c5e147c955

 
--------------------------------info[15:27:58]--------------------------------
System.Exception: 网络请求地址：https://xbvpn.site/user/node/get-list?limit=500&net_type=TROJAN&request_platform=APP_WINDOWS

 
--------------------------------info[15:28:01]--------------------------------
System.Exception: PAC Webserver prefixes http://127.0.0.1:21883/pac/

 
--------------------------------info[15:28:01]--------------------------------
System.Exception: PAC Webserver at 127.0.0.1:21883

 
--------------------------------info[15:28:01]--------------------------------
System.Exception: 网络请求地址：https://xbvpn.site/user/node/get-list?limit=500&net_type=TROJAN&request_platform=APP_WINDOWS

 
--------------------------------info[15:51:25]--------------------------------
System.Exception: 网络请求地址：https://xbvpn.site/user/account/get-info

 
--------------------------------info[15:51:27]--------------------------------
System.Exception: 网络请求地址：https://xbvpn.site/system/default/init?config_version=a9b5998d50ce3291a4f496b1d1ec826f

 
--------------------------------info[15:51:27]--------------------------------
System.Exception: 网络请求地址：https://xbvpn.site/user/node/get-list?limit=500&net_type=TROJAN&request_platform=APP_WINDOWS

 
--------------------------------由于线程退出或应用程序请求，已中止 I/O 操作。[15:51:28]--------------------------------
System.Net.HttpListenerException (0x80004005): 由于线程退出或应用程序请求，已中止 I/O 操作。
   在 System.Net.HttpListener.GetContext()
   在 WestWorldVPN.Component.HttpWebServer.<Run>b__4_0(Object o)

 
--------------------------------info[16:53:37]--------------------------------
System.Exception: 网络请求地址：https://xbvpn.site/user/account/get-info

 
--------------------------------info[16:53:38]--------------------------------
System.Exception: 网络请求地址：https://xbvpn.site/system/default/init?config_version=d72fccb840c129f486c992535fe955e5

 
--------------------------------info[16:53:38]--------------------------------
System.Exception: 网络请求地址：https://xbvpn.site/user/node/get-list?limit=500&net_type=TROJAN&request_platform=APP_WINDOWS

 
--------------------------------info[16:53:40]--------------------------------
System.Exception: PAC Webserver prefixes http://127.0.0.1:21883/pac/

 
--------------------------------info[16:53:40]--------------------------------
System.Exception: PAC Webserver at 127.0.0.1:21883

 
--------------------------------info[16:58:17]--------------------------------
System.Exception: 网络请求地址：https://xbvpn.site/user/account/get-info

 
--------------------------------由于线程退出或应用程序请求，已中止 I/O 操作。[16:58:18]--------------------------------
System.Net.HttpListenerException (0x80004005): 由于线程退出或应用程序请求，已中止 I/O 操作。
   在 System.Net.HttpListener.GetContext()
   在 WestWorldVPN.Component.HttpWebServer.<Run>b__4_0(Object o)

 
--------------------------------info[16:58:19]--------------------------------
System.Exception: 网络请求地址：https://xbvpn.site/system/default/init?config_version=b609d0629ed680ccf44d81aa0816288c

 
--------------------------------info[16:58:19]--------------------------------
System.Exception: 网络请求地址：https://xbvpn.site/user/node/get-list?limit=500&net_type=TROJAN&request_platform=APP_WINDOWS

 
