--------------------------------info[14:41:22]--------------------------------
System.Exception: 程序运行目录 : C:\Users\zhangwei\Desktop\WestWorldVPN-For-Windows\WestWorldVPN.exe

 
--------------------------------info[14:41:22]--------------------------------
System.Exception: Main exe start up 1.06

 
--------------------------------info[14:41:22]--------------------------------
System.Exception: 网络请求地址：https://xbvpn.site/system/default/init?config_version=fea49a0b3a667edf1f8d8359202e4e7d

 
--------------------------------info[14:41:48]--------------------------------
System.Exception: 网络请求地址：https://xbvpn.site/user/account/get-info

 
--------------------------------info[14:41:48]--------------------------------
System.Exception: 网络请求地址：https://xbvpn.site/system/default/init?config_version=d1d1dc4238ebc82d09b451cfce456b55

 
--------------------------------info[14:41:48]--------------------------------
System.Exception: 网络请求地址：https://xbvpn.site/user/node/get-list?limit=500&net_type=TROJAN&request_platform=APP_WINDOWS

 
--------------------------------info[14:42:00]--------------------------------
System.Exception: PAC Webserver prefixes http://127.0.0.1:21883/pac/

 
--------------------------------info[14:42:00]--------------------------------
System.Exception: PAC Webserver at 127.0.0.1:21883

 
--------------------------------info[14:42:00]--------------------------------
System.Exception: PAC Webserver running...

 
--------------------------------info[14:42:00]--------------------------------
System.Exception: PAC Webserver Request 127.0.0.1

 
--------------------------------info[14:42:00]--------------------------------
System.Exception: PAC Webserver Request 127.0.0.1

 
--------------------------------info[14:42:00]--------------------------------
System.Exception: PAC Webserver Request 127.0.0.1

 
--------------------------------info[14:42:00]--------------------------------
System.Exception: PAC Webserver Request 127.0.0.1

 
--------------------------------info[14:42:00]--------------------------------
System.Exception: PAC Webserver Request 127.0.0.1

 
--------------------------------info[14:42:00]--------------------------------
System.Exception: PAC Webserver Request 127.0.0.1

 
--------------------------------info[14:51:46]--------------------------------
System.Exception: PAC Webserver Request 127.0.0.1

 
--------------------------------info[14:51:46]--------------------------------
System.Exception: PAC Webserver Request 127.0.0.1

 
--------------------------------info[14:53:04]--------------------------------
System.Exception: 网络请求地址：https://xbvpn.site/user/account/get-info

 
--------------------------------info[14:53:05]--------------------------------
System.Exception: 网络请求地址：https://xbvpn.site/system/default/init?config_version=5486bf5b7bff39b28ff0c37c0b4180d4

 
--------------------------------info[14:53:05]--------------------------------
System.Exception: 网络请求地址：https://xbvpn.site/user/node/get-list?limit=500&net_type=TROJAN&request_platform=APP_WINDOWS

 
--------------------------------由于线程退出或应用程序请求，已中止 I/O 操作。[14:53:06]--------------------------------
System.Net.HttpListenerException (0x80004005): 由于线程退出或应用程序请求，已中止 I/O 操作。
   在 System.Net.HttpListener.GetContext()
   在 WestWorldVPN.Component.HttpWebServer.<Run>b__4_0(Object o)

 
--------------------------------info[14:55:27]--------------------------------
System.Exception: 网络请求地址：https://xbvpn.site/user/account/get-info

 
--------------------------------info[14:55:27]--------------------------------
System.Exception: 网络请求地址：https://xbvpn.site/system/default/init?config_version=2aa523077e7cf8d2000d951ea11dac5e

 
--------------------------------info[14:55:27]--------------------------------
System.Exception: 网络请求地址：https://xbvpn.site/user/node/get-list?limit=500&net_type=TROJAN&request_platform=APP_WINDOWS

 
--------------------------------info[14:55:32]--------------------------------
System.Exception: PAC Webserver prefixes http://127.0.0.1:21883/pac/

 
--------------------------------info[14:55:32]--------------------------------
System.Exception: PAC Webserver running...

 
--------------------------------info[14:55:32]--------------------------------
System.Exception: PAC Webserver Request 127.0.0.1

 
--------------------------------info[14:55:32]--------------------------------
System.Exception: PAC Webserver Request 127.0.0.1

 
--------------------------------info[14:55:32]--------------------------------
System.Exception: PAC Webserver Request 127.0.0.1

 
--------------------------------info[14:55:32]--------------------------------
System.Exception: PAC Webserver Request 127.0.0.1

 
--------------------------------info[14:55:32]--------------------------------
System.Exception: PAC Webserver Request 127.0.0.1

 
--------------------------------info[14:55:32]--------------------------------
System.Exception: PAC Webserver Request 127.0.0.1

 
--------------------------------info[14:55:32]--------------------------------
System.Exception: PAC Webserver Request 127.0.0.1

 
--------------------------------info[14:55:32]--------------------------------
System.Exception: PAC Webserver Request 127.0.0.1

 
--------------------------------info[14:55:33]--------------------------------
System.Exception: PAC Webserver Request 127.0.0.1

 
--------------------------------info[15:01:39]--------------------------------
System.Exception: PAC Webserver Request 127.0.0.1

 
--------------------------------info[15:01:39]--------------------------------
System.Exception: PAC Webserver Request 127.0.0.1

 
--------------------------------info[15:10:43]--------------------------------
System.Exception: PAC Webserver Request 127.0.0.1

 
--------------------------------info[15:10:43]--------------------------------
System.Exception: PAC Webserver Request 127.0.0.1

 
--------------------------------info[15:25:19]--------------------------------
System.Exception: PAC Webserver Request 127.0.0.1

 
--------------------------------info[15:28:28]--------------------------------
System.Exception: PAC Webserver Request 127.0.0.1

 
--------------------------------info[15:28:28]--------------------------------
System.Exception: PAC Webserver Request 127.0.0.1

 
--------------------------------info[15:33:49]--------------------------------
System.Exception: PAC Webserver Request 127.0.0.1

 
--------------------------------info[16:16:01]--------------------------------
System.Exception: PAC Webserver Request 127.0.0.1

 
--------------------------------info[17:42:21]--------------------------------
System.Exception: PAC Webserver Request 127.0.0.1

 
--------------------------------info[18:19:04]--------------------------------
System.Exception: PAC Webserver Request 127.0.0.1

 
--------------------------------info[19:19:04]--------------------------------
System.Exception: PAC Webserver Request 127.0.0.1

 
--------------------------------info[20:15:36]--------------------------------
System.Exception: PAC Webserver Request 127.0.0.1

 
--------------------------------info[21:18:51]--------------------------------
System.Exception: PAC Webserver Request 127.0.0.1

 
--------------------------------info[22:18:56]--------------------------------
System.Exception: PAC Webserver Request 127.0.0.1

 
--------------------------------info[23:25:21]--------------------------------
System.Exception: PAC Webserver Request 127.0.0.1

 
