--------------------------------info[09:33:18]--------------------------------
System.Exception: 程序运行目录 : C:\Users\zhangwei\Desktop\WestWorldVPN-For-Windows\WestWorldVPN.exe

 
--------------------------------info[09:33:18]--------------------------------
System.Exception: Main exe start up 1.06

 
--------------------------------info[09:33:19]--------------------------------
System.Exception: 网络请求地址：https://xbvpn.site/system/default/init?config_version=57fdd92a1767d00213b384eee9ce3545

 
--------------------------------info[09:33:20]--------------------------------
System.Exception: 网络请求地址：https://xbvpn.site/user/account/get-info

 
--------------------------------info[09:33:21]--------------------------------
System.Exception: 网络请求地址：https://xbvpn.site/system/default/init?config_version=e39d77b81714eeaf93a867cee9512371

 
--------------------------------info[09:33:21]--------------------------------
System.Exception: 网络请求地址：https://xbvpn.site/user/node/get-list?limit=500&net_type=TROJAN&request_platform=APP_WINDOWS

 
--------------------------------info[09:33:41]--------------------------------
System.Exception: PAC Webserver prefixes http://127.0.0.1:21883/pac/

 
--------------------------------info[09:33:41]--------------------------------
System.Exception: PAC Webserver at 127.0.0.1:21883

 
--------------------------------info[09:33:41]--------------------------------
System.Exception: PAC Webserver running...

 
--------------------------------info[09:33:41]--------------------------------
System.Exception: PAC Webserver Request 127.0.0.1

 
--------------------------------info[09:33:41]--------------------------------
System.Exception: PAC Webserver Request 127.0.0.1

 
--------------------------------info[09:33:41]--------------------------------
System.Exception: PAC Webserver Request 127.0.0.1

 
--------------------------------info[09:33:41]--------------------------------
System.Exception: PAC Webserver Request 127.0.0.1

 
--------------------------------info[09:33:41]--------------------------------
System.Exception: PAC Webserver Request 127.0.0.1

 
--------------------------------info[09:33:42]--------------------------------
System.Exception: PAC Webserver Request 127.0.0.1

 
--------------------------------info[09:42:03]--------------------------------
System.Exception: PAC Webserver Request 127.0.0.1

 
--------------------------------info[09:50:16]--------------------------------
System.Exception: 网络请求地址：https://xbvpn.site/user/account/get-info

 
--------------------------------info[09:50:17]--------------------------------
System.Exception: 网络请求地址：https://xbvpn.site/system/default/init?config_version=72baf2e0f614142548ca001a98bd9d27

 
--------------------------------info[09:50:17]--------------------------------
System.Exception: 网络请求地址：https://xbvpn.site/user/node/get-list?limit=500&net_type=TROJAN&request_platform=APP_WINDOWS

 
--------------------------------info[10:41:53]--------------------------------
System.Exception: PAC Webserver Request 127.0.0.1

 
--------------------------------info[11:07:20]--------------------------------
System.Exception: PAC Webserver Request 127.0.0.1

 
--------------------------------info[11:28:29]--------------------------------
System.Exception: PAC Webserver Request 127.0.0.1

 
--------------------------------info[11:28:29]--------------------------------
System.Exception: PAC Webserver Request 127.0.0.1

 
--------------------------------info[11:28:29]--------------------------------
System.Exception: PAC Webserver Request 127.0.0.1

 
--------------------------------info[11:28:29]--------------------------------
System.Exception: PAC Webserver Request 127.0.0.1

 
--------------------------------info[11:29:18]--------------------------------
System.Exception: PAC Webserver Request 127.0.0.1

 
--------------------------------info[11:29:18]--------------------------------
System.Exception: PAC Webserver Request 127.0.0.1

 
--------------------------------info[11:29:18]--------------------------------
System.Exception: PAC Webserver Request 127.0.0.1

 
--------------------------------info[11:29:18]--------------------------------
System.Exception: PAC Webserver Request 127.0.0.1

 
--------------------------------info[11:29:27]--------------------------------
System.Exception: PAC Webserver Request 127.0.0.1

 
--------------------------------info[11:29:27]--------------------------------
System.Exception: PAC Webserver Request 127.0.0.1

 
--------------------------------info[11:29:33]--------------------------------
System.Exception: PAC Webserver Request 127.0.0.1

 
--------------------------------info[11:29:33]--------------------------------
System.Exception: PAC Webserver Request 127.0.0.1

 
--------------------------------info[11:29:33]--------------------------------
System.Exception: PAC Webserver Request 127.0.0.1

 
--------------------------------info[11:29:33]--------------------------------
System.Exception: PAC Webserver Request 127.0.0.1

 
--------------------------------info[11:29:49]--------------------------------
System.Exception: PAC Webserver Request 127.0.0.1

 
--------------------------------info[11:29:49]--------------------------------
System.Exception: PAC Webserver Request 127.0.0.1

 
--------------------------------info[11:29:50]--------------------------------
System.Exception: PAC Webserver Request 127.0.0.1

 
--------------------------------info[11:29:50]--------------------------------
System.Exception: PAC Webserver Request 127.0.0.1

 
--------------------------------info[11:30:12]--------------------------------
System.Exception: PAC Webserver Request 127.0.0.1

 
--------------------------------info[11:30:12]--------------------------------
System.Exception: PAC Webserver Request 127.0.0.1

 
--------------------------------info[11:30:13]--------------------------------
System.Exception: PAC Webserver Request 127.0.0.1

 
--------------------------------info[11:30:13]--------------------------------
System.Exception: PAC Webserver Request 127.0.0.1

 
--------------------------------info[11:31:20]--------------------------------
System.Exception: PAC Webserver Request 127.0.0.1

 
--------------------------------info[11:31:20]--------------------------------
System.Exception: PAC Webserver Request 127.0.0.1

 
--------------------------------info[11:31:20]--------------------------------
System.Exception: PAC Webserver Request 127.0.0.1

 
--------------------------------info[11:31:20]--------------------------------
System.Exception: PAC Webserver Request 127.0.0.1

 
--------------------------------info[11:31:43]--------------------------------
System.Exception: PAC Webserver Request 127.0.0.1

 
--------------------------------info[11:31:43]--------------------------------
System.Exception: PAC Webserver Request 127.0.0.1

 
--------------------------------info[11:41:54]--------------------------------
System.Exception: PAC Webserver Request 127.0.0.1

 
--------------------------------info[12:43:19]--------------------------------
System.Exception: PAC Webserver Request 127.0.0.1

 
--------------------------------info[13:12:22]--------------------------------
System.Exception: PAC Webserver Request 127.0.0.1

 
--------------------------------info[13:55:31]--------------------------------
System.Exception: PAC Webserver Request 127.0.0.1

 
--------------------------------info[14:39:37]--------------------------------
System.Exception: PAC Webserver Request 127.0.0.1

 
--------------------------------info[15:33:02]--------------------------------
System.Exception: PAC Webserver Request 127.0.0.1

 
--------------------------------info[16:12:22]--------------------------------
System.Exception: PAC Webserver Request 127.0.0.1

 
--------------------------------info[16:35:52]--------------------------------
System.Exception: PAC Webserver Request 127.0.0.1

 
--------------------------------info[17:06:25]--------------------------------
System.Exception: PAC Webserver Request 127.0.0.1

 
--------------------------------info[17:39:58]--------------------------------
System.Exception: PAC Webserver Request 127.0.0.1

 
--------------------------------info[18:00:55]--------------------------------
System.Exception: PAC Webserver Request 127.0.0.1

 
--------------------------------info[18:11:29]--------------------------------
System.Exception: 网络请求地址：https://xbvpn.site/user/account/get-info

 
--------------------------------info[18:11:30]--------------------------------
System.Exception: 网络请求地址：https://xbvpn.site/system/default/init?config_version=bbc0233967a04c51d7566cb57d24f555

 
--------------------------------info[18:11:30]--------------------------------
System.Exception: 网络请求地址：https://xbvpn.site/user/node/get-list?limit=500&net_type=TROJAN&request_platform=APP_WINDOWS

 
--------------------------------由于线程退出或应用程序请求，已中止 I/O 操作。[18:11:33]--------------------------------
System.Net.HttpListenerException (0x80004005): 由于线程退出或应用程序请求，已中止 I/O 操作。
   在 System.Net.HttpListener.GetContext()
   在 WestWorldVPN.Component.HttpWebServer.<Run>b__4_0(Object o)

 
