--------------------------------info[09:46:29]--------------------------------
System.Exception: 网络请求地址：https://xbvpn.site/user/account/get-info

 
--------------------------------info[09:46:31]--------------------------------
System.Exception: 网络请求地址：https://xbvpn.site/system/default/init?config_version=a3d7abba8bf0df53716d4a73de60892a

 
--------------------------------info[09:46:32]--------------------------------
System.Exception: PAC Webserver prefixes http://127.0.0.1:21883/pac/

 
--------------------------------info[09:46:32]--------------------------------
System.Exception: PAC Webserver at 127.0.0.1:21883

 
--------------------------------info[09:46:32]--------------------------------
System.Exception: PAC Webserver Request 127.0.0.1

 
--------------------------------info[09:46:32]--------------------------------
System.Exception: PAC Webserver Request 127.0.0.1

 
--------------------------------info[09:46:32]--------------------------------
System.Exception: PAC Webserver Request 127.0.0.1

 
--------------------------------info[09:46:32]--------------------------------
System.Exception: PAC Webserver Request 127.0.0.1

 
--------------------------------info[09:46:32]--------------------------------
System.Exception: PAC Webserver Request 127.0.0.1

 
--------------------------------info[09:46:32]--------------------------------
System.Exception: PAC Webserver Request 127.0.0.1

 
--------------------------------info[09:46:32]--------------------------------
System.Exception: PAC Webserver Request 127.0.0.1

 
--------------------------------info[09:46:32]--------------------------------
System.Exception: PAC Webserver Request 127.0.0.1

 
--------------------------------info[09:46:32]--------------------------------
System.Exception: PAC Webserver Request 127.0.0.1

 
--------------------------------info[09:46:32]--------------------------------
System.Exception: 网络请求地址：https://xbvpn.site/user/node/get-list?limit=500&net_type=TROJAN&request_platform=APP_WINDOWS

 
--------------------------------info[10:21:13]--------------------------------
System.Exception: PAC Webserver Request 127.0.0.1

 
--------------------------------info[10:36:55]--------------------------------
System.Exception: 网络请求地址：https://xbvpn.site/user/account/get-info

 
--------------------------------info[10:36:56]--------------------------------
System.Exception: 网络请求地址：https://xbvpn.site/system/default/init?config_version=03b60786052dbaf7b9b44530216346d6

 
--------------------------------info[10:36:56]--------------------------------
System.Exception: 网络请求地址：https://xbvpn.site/user/node/get-list?limit=500&net_type=TROJAN&request_platform=APP_WINDOWS

 
--------------------------------由于线程退出或应用程序请求，已中止 I/O 操作。[10:36:56]--------------------------------
System.Net.HttpListenerException (0x80004005): 由于线程退出或应用程序请求，已中止 I/O 操作。
   在 System.Net.HttpListener.GetContext()
   在 WestWorldVPN.Component.HttpWebServer.<Run>b__4_0(Object o)

 
--------------------------------info[23:24:11]--------------------------------
System.Exception: 网络请求地址：https://xbvpn.site/user/account/get-info

 
--------------------------------info[23:24:13]--------------------------------
System.Exception: 网络请求地址：https://xbvpn.site/system/default/init?config_version=c28e39f60847378387d1ada3e162affd

 
--------------------------------info[23:24:13]--------------------------------
System.Exception: PAC Webserver prefixes http://127.0.0.1:21883/pac/

 
--------------------------------info[23:24:13]--------------------------------
System.Exception: PAC Webserver at 127.0.0.1:21883

 
--------------------------------info[23:24:13]--------------------------------
System.Exception: PAC Webserver Request 127.0.0.1

 
--------------------------------info[23:24:13]--------------------------------
System.Exception: PAC Webserver Request 127.0.0.1

 
--------------------------------info[23:24:13]--------------------------------
System.Exception: PAC Webserver Request 127.0.0.1

 
--------------------------------info[23:24:13]--------------------------------
System.Exception: PAC Webserver Request 127.0.0.1

 
--------------------------------info[23:24:14]--------------------------------
System.Exception: PAC Webserver Request 127.0.0.1

 
--------------------------------info[23:24:14]--------------------------------
System.Exception: 网络请求地址：https://xbvpn.site/user/node/get-list?limit=500&net_type=TROJAN&request_platform=APP_WINDOWS

 
--------------------------------info[23:24:14]--------------------------------
System.Exception: PAC Webserver Request 127.0.0.1

 
--------------------------------info[23:24:14]--------------------------------
System.Exception: PAC Webserver Request 127.0.0.1

 
--------------------------------info[23:24:15]--------------------------------
System.Exception: PAC Webserver Request 127.0.0.1

 
