--------------------------------info[16:15:17]--------------------------------
System.Exception: 程序运行目录 : C:\Users\zhangwei\Desktop\WestWorldVPN-For-Windows\WestWorldVPN.exe

 
--------------------------------info[16:15:17]--------------------------------
System.Exception: Main exe start up 1.06

 
--------------------------------info[16:15:17]--------------------------------
System.Exception: 网络请求地址：https://xbvpn.site/system/default/init?config_version=bf7b16d4e800932d8e1221fa56b11110

 
--------------------------------info[16:15:29]--------------------------------
System.Exception: 网络请求地址：https://xbvpn.site/user/account/get-info

 
--------------------------------info[16:15:30]--------------------------------
System.Exception: 网络请求地址：https://xbvpn.site/system/default/init?config_version=966e9691e7a0b8f418977e0f3f36d596

 
--------------------------------info[16:15:30]--------------------------------
System.Exception: 网络请求地址：https://xbvpn.site/user/node/get-list?limit=500&net_type=TROJAN&request_platform=APP_WINDOWS

 
--------------------------------info[16:15:33]--------------------------------
System.Exception: PAC Webserver prefixes http://127.0.0.1:21883/pac/

 
--------------------------------info[16:15:33]--------------------------------
System.Exception: PAC Webserver at 127.0.0.1:21883

 
--------------------------------info[16:15:33]--------------------------------
System.Exception: PAC Webserver running...

 
--------------------------------info[16:15:33]--------------------------------
System.Exception: PAC Webserver Request 127.0.0.1

 
--------------------------------info[16:15:33]--------------------------------
System.Exception: PAC Webserver Request 127.0.0.1

 
--------------------------------info[16:15:33]--------------------------------
System.Exception: PAC Webserver Request 127.0.0.1

 
--------------------------------info[16:15:33]--------------------------------
System.Exception: PAC Webserver Request 127.0.0.1

 
--------------------------------info[16:15:33]--------------------------------
System.Exception: PAC Webserver Request 127.0.0.1

 
--------------------------------info[16:15:34]--------------------------------
System.Exception: PAC Webserver Request 127.0.0.1

 
--------------------------------info[16:15:34]--------------------------------
System.Exception: PAC Webserver Request 127.0.0.1

 
--------------------------------info[16:15:34]--------------------------------
System.Exception: PAC Webserver Request 127.0.0.1

 
--------------------------------info[16:16:59]--------------------------------
System.Exception: 网络请求地址：https://xbvpn.site/user/account/get-info

 
--------------------------------info[16:16:59]--------------------------------
System.Exception: 网络请求地址：https://xbvpn.site/system/default/init?config_version=25d433848b3ff67039bb68f156952c80

 
--------------------------------info[16:16:59]--------------------------------
System.Exception: 网络请求地址：https://xbvpn.site/user/node/get-list?limit=500&net_type=TROJAN&request_platform=APP_WINDOWS

 
--------------------------------由于线程退出或应用程序请求，已中止 I/O 操作。[16:17:00]--------------------------------
System.Net.HttpListenerException (0x80004005): 由于线程退出或应用程序请求，已中止 I/O 操作。
   在 System.Net.HttpListener.GetContext()
   在 WestWorldVPN.Component.HttpWebServer.<Run>b__4_0(Object o)

 
--------------------------------info[16:21:43]--------------------------------
System.Exception: 网络请求地址：https://xbvpn.site/user/account/get-info

 
--------------------------------info[16:21:46]--------------------------------
System.Exception: PAC Webserver prefixes http://127.0.0.1:21883/pac/

 
--------------------------------info[16:21:46]--------------------------------
System.Exception: PAC Webserver at 127.0.0.1:21883

 
--------------------------------info[16:21:46]--------------------------------
System.Exception: PAC Webserver Request 127.0.0.1

 
--------------------------------info[16:21:46]--------------------------------
System.Exception: PAC Webserver Request 127.0.0.1

 
--------------------------------info[16:21:46]--------------------------------
System.Exception: PAC Webserver Request 127.0.0.1

 
--------------------------------info[16:21:46]--------------------------------
System.Exception: PAC Webserver Request 127.0.0.1

 
--------------------------------info[16:21:46]--------------------------------
System.Exception: PAC Webserver Request 127.0.0.1

 
--------------------------------info[16:21:46]--------------------------------
System.Exception: 网络请求地址：https://xbvpn.site/system/default/init?config_version=56dba320fe6168a9f306559cdf978346

 
--------------------------------info[16:21:46]--------------------------------
System.Exception: 网络请求地址：https://xbvpn.site/user/node/get-list?limit=500&net_type=TROJAN&request_platform=APP_WINDOWS

 
--------------------------------info[16:21:46]--------------------------------
System.Exception: PAC Webserver Request 127.0.0.1

 
--------------------------------info[16:21:47]--------------------------------
System.Exception: PAC Webserver Request 127.0.0.1

 
--------------------------------info[16:27:27]--------------------------------
System.Exception: 网络请求地址：https://xbvpn.site/user/account/get-info

 
--------------------------------由于线程退出或应用程序请求，已中止 I/O 操作。[16:27:28]--------------------------------
System.Net.HttpListenerException (0x80004005): 由于线程退出或应用程序请求，已中止 I/O 操作。
   在 System.Net.HttpListener.GetContext()
   在 WestWorldVPN.Component.HttpWebServer.<Run>b__4_0(Object o)

 
--------------------------------info[16:27:31]--------------------------------
System.Exception: 网络请求地址：https://xbvpn.site/system/default/init?config_version=0d1fa01acf5d1542de01ff2c023cc903

 
--------------------------------info[16:27:31]--------------------------------
System.Exception: 网络请求地址：https://xbvpn.site/user/node/get-list?limit=500&net_type=TROJAN&request_platform=APP_WINDOWS

 
