--------------------------------info[09:45:56]--------------------------------
System.Exception: 程序运行目录 : C:\Users\zhangwei\Desktop\WestWorldVPN-For-Windows\WestWorldVPN.exe

 
--------------------------------info[09:45:56]--------------------------------
System.Exception: Main exe start up 1.06

 
--------------------------------info[09:45:57]--------------------------------
System.Exception: 网络请求地址：https://xbvpn.site/system/default/init?config_version=9b125ea0582a01eed846cadfe73abdf7

 
--------------------------------info[09:45:59]--------------------------------
System.Exception: PAC Webserver prefixes http://127.0.0.1:21883/pac/

 
--------------------------------info[09:45:59]--------------------------------
System.Exception: PAC Webserver at 127.0.0.1:21883

 
--------------------------------info[09:45:59]--------------------------------
System.Exception: PAC Webserver running...

 
--------------------------------info[09:45:59]--------------------------------
System.Exception: PAC Webserver Request 127.0.0.1

 
--------------------------------info[09:45:59]--------------------------------
System.Exception: PAC Webserver Request 127.0.0.1

 
--------------------------------info[09:45:59]--------------------------------
System.Exception: PAC Webserver Request 127.0.0.1

 
--------------------------------info[09:45:59]--------------------------------
System.Exception: PAC Webserver Request 127.0.0.1

 
--------------------------------info[09:45:59]--------------------------------
System.Exception: PAC Webserver Request 127.0.0.1

 
--------------------------------info[09:45:59]--------------------------------
System.Exception: PAC Webserver Request 127.0.0.1

 
--------------------------------info[09:45:59]--------------------------------
System.Exception: PAC Webserver Request 127.0.0.1

 
--------------------------------info[09:45:59]--------------------------------
System.Exception: PAC Webserver Request 127.0.0.1

 
--------------------------------info[09:46:00]--------------------------------
System.Exception: 网络请求地址：https://xbvpn.site/user/account/get-info

 
--------------------------------info[09:46:01]--------------------------------
System.Exception: 网络请求地址：https://xbvpn.site/system/default/init?config_version=3a28e69149aeae18bcf23eadca37d1fc

 
--------------------------------info[09:46:01]--------------------------------
System.Exception: 网络请求地址：https://xbvpn.site/user/node/get-list?limit=500&net_type=TROJAN&request_platform=APP_WINDOWS

 
--------------------------------info[09:46:01]--------------------------------
System.Exception: PAC Webserver Request 127.0.0.1

 
--------------------------------由于线程退出或应用程序请求，已中止 I/O 操作。[09:46:04]--------------------------------
System.Net.HttpListenerException (0x80004005): 由于线程退出或应用程序请求，已中止 I/O 操作。
   在 System.Net.HttpListener.GetContext()
   在 WestWorldVPN.Component.HttpWebServer.<Run>b__4_0(Object o)

 
--------------------------------info[09:46:20]--------------------------------
System.Exception: PAC Webserver prefixes http://127.0.0.1:21883/pac/

 
--------------------------------info[09:46:20]--------------------------------
System.Exception: PAC Webserver running...

 
--------------------------------info[09:46:20]--------------------------------
System.Exception: PAC Webserver Request 127.0.0.1

 
--------------------------------info[09:46:20]--------------------------------
System.Exception: PAC Webserver Request 127.0.0.1

 
--------------------------------info[09:46:20]--------------------------------
System.Exception: PAC Webserver Request 127.0.0.1

 
--------------------------------info[09:46:20]--------------------------------
System.Exception: PAC Webserver Request 127.0.0.1

 
--------------------------------info[09:46:20]--------------------------------
System.Exception: PAC Webserver Request 127.0.0.1

 
--------------------------------info[09:46:20]--------------------------------
System.Exception: PAC Webserver Request 127.0.0.1

 
--------------------------------info[09:46:20]--------------------------------
System.Exception: PAC Webserver Request 127.0.0.1

 
--------------------------------info[09:46:24]--------------------------------
System.Exception: 网络请求地址：https://xbvpn.site/user/node/get-list?limit=500&net_type=TROJAN&request_platform=APP_WINDOWS

 
--------------------------------由于线程退出或应用程序请求，已中止 I/O 操作。[09:46:27]--------------------------------
System.Net.HttpListenerException (0x80004005): 由于线程退出或应用程序请求，已中止 I/O 操作。
   在 System.Net.HttpListener.GetContext()
   在 WestWorldVPN.Component.HttpWebServer.<Run>b__4_0(Object o)

 
--------------------------------info[09:46:29]--------------------------------
System.Exception: PAC Webserver prefixes http://127.0.0.1:21883/pac/

 
--------------------------------info[09:46:29]--------------------------------
System.Exception: PAC Webserver at 127.0.0.1:21883

 
--------------------------------info[09:46:31]--------------------------------
System.Exception: PAC Webserver Request 127.0.0.1

 
--------------------------------由于线程退出或应用程序请求，已中止 I/O 操作。[09:46:32]--------------------------------
System.Net.HttpListenerException (0x80004005): 由于线程退出或应用程序请求，已中止 I/O 操作。
   在 System.Net.HttpListener.GetContext()
   在 WestWorldVPN.Component.HttpWebServer.<Run>b__4_0(Object o)

 
--------------------------------info[09:46:37]--------------------------------
System.Exception: PAC Webserver prefixes http://127.0.0.1:21883/pac/

 
--------------------------------info[09:46:37]--------------------------------
System.Exception: PAC Webserver at 127.0.0.1:21883

 
--------------------------------info[09:46:39]--------------------------------
System.Exception: PAC Webserver Request 127.0.0.1

 
--------------------------------info[10:20:09]--------------------------------
System.Exception: PAC Webserver Request 127.0.0.1

 
--------------------------------info[11:08:56]--------------------------------
System.Exception: 网络请求地址：https://xbvpn.site/user/account/get-info

 
--------------------------------info[11:08:58]--------------------------------
System.Exception: 网络请求地址：https://xbvpn.site/system/default/init?config_version=af7cb0dff60b993ea999772799dbd611

 
--------------------------------info[11:08:58]--------------------------------
System.Exception: 网络请求地址：https://xbvpn.site/user/node/get-list?limit=500&net_type=TROJAN&request_platform=APP_WINDOWS

 
--------------------------------由于线程退出或应用程序请求，已中止 I/O 操作。[11:09:00]--------------------------------
System.Net.HttpListenerException (0x80004005): 由于线程退出或应用程序请求，已中止 I/O 操作。
   在 System.Net.HttpListener.GetContext()
   在 WestWorldVPN.Component.HttpWebServer.<Run>b__4_0(Object o)

 
--------------------------------info[12:17:11]--------------------------------
System.Exception: 网络请求地址：https://xbvpn.site/user/account/get-info

 
--------------------------------info[12:17:12]--------------------------------
System.Exception: 网络请求地址：https://xbvpn.site/system/default/init?config_version=af7cb0dff60b993ea999772799dbd611

 
--------------------------------info[12:17:12]--------------------------------
System.Exception: 网络请求地址：https://xbvpn.site/user/node/get-list?limit=500&net_type=TROJAN&request_platform=APP_WINDOWS

 
--------------------------------info[12:17:15]--------------------------------
System.Exception: PAC Webserver prefixes http://127.0.0.1:21883/pac/

 
--------------------------------info[12:17:15]--------------------------------
System.Exception: PAC Webserver running...

 
--------------------------------info[12:18:09]--------------------------------
System.Exception: 网络请求地址：https://xbvpn.site/user/node/get-list?limit=500&net_type=TROJAN&request_platform=APP_WINDOWS

 
--------------------------------info[12:27:46]--------------------------------
System.Exception: PAC Webserver Request 127.0.0.1

 
--------------------------------info[13:27:45]--------------------------------
System.Exception: PAC Webserver Request 127.0.0.1

 
--------------------------------info[13:44:08]--------------------------------
System.Exception: PAC Webserver Request 127.0.0.1

 
--------------------------------info[13:57:00]--------------------------------
System.Exception: 网络请求地址：https://xbvpn.site/user/account/get-info

 
--------------------------------由于线程退出或应用程序请求，已中止 I/O 操作。[13:57:01]--------------------------------
System.Net.HttpListenerException (0x80004005): 由于线程退出或应用程序请求，已中止 I/O 操作。
   在 System.Net.HttpListener.GetContext()
   在 WestWorldVPN.Component.HttpWebServer.<Run>b__4_0(Object o)

 
--------------------------------info[13:57:02]--------------------------------
System.Exception: 网络请求地址：https://xbvpn.site/system/default/init?config_version=076723756fc7014f73a79b17abf32483

 
--------------------------------info[13:57:02]--------------------------------
System.Exception: 网络请求地址：https://xbvpn.site/user/node/get-list?limit=500&net_type=TROJAN&request_platform=APP_WINDOWS

 
--------------------------------info[19:43:56]--------------------------------
System.Exception: 网络请求地址：https://xbvpn.site/user/account/get-info

 
--------------------------------info[19:43:57]--------------------------------
System.Exception: 网络请求地址：https://xbvpn.site/system/default/init?config_version=fea49a0b3a667edf1f8d8359202e4e7d

 
--------------------------------info[19:43:57]--------------------------------
System.Exception: 网络请求地址：https://xbvpn.site/user/node/get-list?limit=500&net_type=TROJAN&request_platform=APP_WINDOWS

 
