--------------------------------info[20:39:49]--------------------------------
System.Exception: 程序运行目录 : C:\Users\zhangwei\Desktop\WestWorldVPN-For-Windows\WestWorldVPN.exe

 
--------------------------------info[20:39:49]--------------------------------
System.Exception: Main exe start up 1.06

 
--------------------------------info[20:39:50]--------------------------------
System.Exception: 网络请求地址：https://xbvpn.site/system/default/init?config_version=43b8c050139655e5f34211b702635aa0

 
--------------------------------info[20:42:44]--------------------------------
System.Exception: 网络请求地址：https://xbvpn.site/user/account/get-info

 
--------------------------------info[20:42:44]--------------------------------
System.Exception: 网络请求地址：https://xbvpn.site/system/default/init?config_version=d8d12b54c00cd5e32dfbc7eab4e32cfb

 
--------------------------------info[20:42:44]--------------------------------
System.Exception: 网络请求地址：https://xbvpn.site/user/node/get-list?limit=500&net_type=TROJAN&request_platform=APP_WINDOWS

 
--------------------------------info[20:42:49]--------------------------------
System.Exception: PAC Webserver prefixes http://127.0.0.1:21883/pac/

 
--------------------------------info[20:42:49]--------------------------------
System.Exception: PAC Webserver at 127.0.0.1:21883

 
--------------------------------info[20:42:49]--------------------------------
System.Exception: PAC Webserver running...

 
--------------------------------info[20:42:49]--------------------------------
System.Exception: PAC Webserver Request 127.0.0.1

 
--------------------------------info[20:42:49]--------------------------------
System.Exception: PAC Webserver Request 127.0.0.1

 
--------------------------------info[20:42:50]--------------------------------
System.Exception: PAC Webserver Request 127.0.0.1

 
--------------------------------info[20:42:50]--------------------------------
System.Exception: PAC Webserver Request 127.0.0.1

 
--------------------------------info[20:42:50]--------------------------------
System.Exception: PAC Webserver Request 127.0.0.1

 
--------------------------------info[20:42:50]--------------------------------
System.Exception: PAC Webserver Request 127.0.0.1

 
--------------------------------info[20:42:50]--------------------------------
System.Exception: PAC Webserver Request 127.0.0.1

 
--------------------------------info[20:42:50]--------------------------------
System.Exception: PAC Webserver Request 127.0.0.1

 
--------------------------------info[20:42:51]--------------------------------
System.Exception: PAC Webserver Request 127.0.0.1

 
--------------------------------info[20:42:52]--------------------------------
System.Exception: PAC Webserver Request 127.0.0.1

 
--------------------------------info[21:21:09]--------------------------------
System.Exception: PAC Webserver Request 127.0.0.1

 
--------------------------------info[21:58:48]--------------------------------
System.Exception: PAC Webserver Request 127.0.0.1

 
--------------------------------info[21:58:48]--------------------------------
System.Exception: PAC Webserver Request 127.0.0.1

 
--------------------------------info[21:59:05]--------------------------------
System.Exception: PAC Webserver Request 127.0.0.1

 
--------------------------------info[23:08:46]--------------------------------
System.Exception: PAC Webserver Request 127.0.0.1

 
