--------------------------------info[10:13:45]--------------------------------
System.Exception: 程序运行目录 : C:\Users\zhangwei\Desktop\WestWorldVPN-For-Windows\WestWorldVPN.exe

 
--------------------------------info[10:13:45]--------------------------------
System.Exception: Main exe start up 1.06

 
--------------------------------info[10:13:46]--------------------------------
System.Exception: 网络请求地址：https://xbvpn.site/system/default/init?config_version=7f0cb192e914a70aabfb11679200e5ed

 
--------------------------------info[10:13:47]--------------------------------
System.Exception: PAC Webserver prefixes http://127.0.0.1:21883/pac/

 
--------------------------------info[10:13:47]--------------------------------
System.Exception: PAC Webserver at 127.0.0.1:21883

 
--------------------------------info[10:13:47]--------------------------------
System.Exception: PAC Webserver running...

 
--------------------------------info[10:13:47]--------------------------------
System.Exception: PAC Webserver Request 127.0.0.1

 
--------------------------------info[10:13:47]--------------------------------
System.Exception: PAC Webserver Request 127.0.0.1

 
--------------------------------info[10:13:47]--------------------------------
System.Exception: PAC Webserver Request 127.0.0.1

 
--------------------------------info[10:13:47]--------------------------------
System.Exception: PAC Webserver Request 127.0.0.1

 
--------------------------------info[10:13:47]--------------------------------
System.Exception: PAC Webserver Request 127.0.0.1

 
--------------------------------info[10:13:47]--------------------------------
System.Exception: PAC Webserver Request 127.0.0.1

 
--------------------------------info[10:13:49]--------------------------------
System.Exception: PAC Webserver Request 127.0.0.1

 
--------------------------------info[10:13:52]--------------------------------
System.Exception: 网络请求地址：https://xbvpn.site/user/account/get-info

 
--------------------------------info[10:13:53]--------------------------------
System.Exception: 网络请求地址：https://xbvpn.site/system/default/init?config_version=2c666c5d2f929d65651f05b0eae3ffd3

 
--------------------------------info[10:13:53]--------------------------------
System.Exception: 网络请求地址：https://xbvpn.site/user/node/get-list?limit=500&net_type=TROJAN&request_platform=APP_WINDOWS

 
--------------------------------info[10:25:01]--------------------------------
System.Exception: PAC Webserver Request 127.0.0.1

 
