--------------------------------info[11:12:38]--------------------------------
System.Exception: 程序运行目录 : C:\Users\zhangwei\Desktop\WestWorldVPN-For-Windows\WestWorldVPN.exe

 
--------------------------------info[11:12:38]--------------------------------
System.Exception: Main exe start up 1.06

 
--------------------------------info[11:12:39]--------------------------------
System.Exception: 网络请求地址：https://xbvpn.site/system/default/init?config_version=630052c495a03290655e385e7404ef0f

 
--------------------------------info[11:12:41]--------------------------------
System.Exception: 网络请求地址：https://xbvpn.site/user/account/get-info

 
--------------------------------info[11:12:42]--------------------------------
System.Exception: 网络请求地址：https://xbvpn.site/system/default/init?config_version=3de6d0aa3a72d79a2a1e45a5a8ca8cde

 
--------------------------------info[11:12:42]--------------------------------
System.Exception: 网络请求地址：https://xbvpn.site/user/node/get-list?limit=500&net_type=TROJAN&request_platform=APP_WINDOWS

 
--------------------------------info[11:12:55]--------------------------------
System.Exception: PAC Webserver prefixes http://127.0.0.1:21883/pac/

 
--------------------------------info[11:12:55]--------------------------------
System.Exception: PAC Webserver at 127.0.0.1:21883

 
--------------------------------info[11:12:55]--------------------------------
System.Exception: PAC Webserver running...

 
--------------------------------info[13:33:57]--------------------------------
System.Exception: 网络请求地址：https://xbvpn.site/user/account/get-info

 
--------------------------------info[13:33:59]--------------------------------
System.Exception: 网络请求地址：https://xbvpn.site/system/default/init?config_version=c23fb9d2092090a6186a70ae89ec21f2

 
--------------------------------info[13:33:59]--------------------------------
System.Exception: 网络请求地址：https://xbvpn.site/user/node/get-list?limit=500&net_type=TROJAN&request_platform=APP_WINDOWS

 
--------------------------------由于线程退出或应用程序请求，已中止 I/O 操作。[13:34:02]--------------------------------
System.Net.HttpListenerException (0x80004005): 由于线程退出或应用程序请求，已中止 I/O 操作。
   在 System.Net.HttpListener.GetContext()
   在 WestWorldVPN.Component.HttpWebServer.<Run>b__4_0(Object o)

 
--------------------------------info[14:20:30]--------------------------------
System.Exception: 网络请求地址：https://xbvpn.site/user/account/get-info

 
--------------------------------info[14:20:30]--------------------------------
System.Exception: 网络请求地址：https://xbvpn.site/system/default/init?config_version=08b0e18953a328a5ab1c0578b1a10e48

 
--------------------------------info[14:20:31]--------------------------------
System.Exception: 网络请求地址：https://xbvpn.site/user/node/get-list?limit=500&net_type=TROJAN&request_platform=APP_WINDOWS

 
--------------------------------info[14:20:32]--------------------------------
System.Exception: PAC Webserver prefixes http://127.0.0.1:21883/pac/

 
--------------------------------info[14:20:32]--------------------------------
System.Exception: PAC Webserver at 127.0.0.1:21883

 
--------------------------------info[14:20:32]--------------------------------
System.Exception: PAC Webserver running...

 
--------------------------------info[14:37:19]--------------------------------
System.Exception: 网络请求地址：https://xbvpn.site/user/account/get-info

 
--------------------------------由于线程退出或应用程序请求，已中止 I/O 操作。[14:37:21]--------------------------------
System.Net.HttpListenerException (0x80004005): 由于线程退出或应用程序请求，已中止 I/O 操作。
   在 System.Net.HttpListener.GetContext()
   在 WestWorldVPN.Component.HttpWebServer.<Run>b__4_0(Object o)

 
--------------------------------info[14:37:22]--------------------------------
System.Exception: 网络请求地址：https://xbvpn.site/system/default/init?config_version=9d7fec314ddb59ad08a6bd127b9c59e1

 
--------------------------------info[14:37:22]--------------------------------
System.Exception: 网络请求地址：https://xbvpn.site/user/node/get-list?limit=500&net_type=TROJAN&request_platform=APP_WINDOWS

 
