--------------------------------info[10:54:34]--------------------------------
System.Exception: 程序运行目录 : C:\Users\zhangwei\Desktop\WestWorldVPN-For-Windows\WestWorldVPN.exe

 
--------------------------------info[10:54:34]--------------------------------
System.Exception: Main exe start up 1.06

 
--------------------------------info[10:54:34]--------------------------------
System.Exception: 网络请求地址：https://xbvpn.site/system/default/init?config_version=ca9fac611b3ab57a8a70004ceaff5e06

 
--------------------------------info[10:54:36]--------------------------------
System.Exception: 网络请求地址：https://xbvpn.site/user/account/get-info

 
--------------------------------info[10:54:42]--------------------------------
System.Exception: 网络请求地址：https://xbvpn.site/system/default/init?config_version=ca9fac611b3ab57a8a70004ceaff5e06

 
--------------------------------info[10:54:43]--------------------------------
System.Exception: 网络请求地址：https://xbvpn.site/user/account/get-info

 
--------------------------------info[10:54:47]--------------------------------
System.Exception: PAC Webserver prefixes http://127.0.0.1:21883/pac/

 
--------------------------------info[10:54:47]--------------------------------
System.Exception: PAC Webserver at 127.0.0.1:21883

 
--------------------------------info[10:54:47]--------------------------------
System.Exception: PAC Webserver running...

 
--------------------------------info[10:54:49]--------------------------------
System.Exception: 网络请求地址：https://xbvpn.site/user/node/get-list?limit=500&net_type=TROJAN&request_platform=APP_WINDOWS

 
--------------------------------info[10:54:49]--------------------------------
System.Exception: 网络请求地址：https://xbsj9855.xyz/system/default/init?config_version=ca9fac611b3ab57a8a70004ceaff5e06

 
--------------------------------info[10:54:51]--------------------------------
System.Exception: 网络请求地址：https://xbsj9855.xyz/user/account/get-info

 
--------------------------------info[10:54:52]--------------------------------
System.Exception: 地址变换为：https://xbsj9855.xyz

 
--------------------------------info[10:54:52]--------------------------------
System.Exception: 网络请求地址：https://xbvpn.site/system/default/init?config_version=ca9fac611b3ab57a8a70004ceaff5e06

 
--------------------------------info[10:54:52]--------------------------------
System.Exception: 网络请求地址：https://xbvpn.site/user/node/get-list?limit=500&net_type=TROJAN&request_platform=APP_WINDOWS

 
--------------------------------网络请求异常：操作超时[10:54:56]--------------------------------
System.Net.WebException: 操作超时
   在 System.Net.HttpWebRequest.GetResponse()
   在 WestWorldVPN.App.Library.Api.Get(String path, LocalConfig config, Int32 retryTimes)

 
--------------------------------info[10:54:59]--------------------------------
System.Exception: 网络请求地址：https://xbvpn.site/user/node/get-list?limit=500&net_type=TROJAN&request_platform=APP_WINDOWS

 
--------------------------------由于线程退出或应用程序请求，已中止 I/O 操作。[10:55:05]--------------------------------
System.Net.HttpListenerException (0x80004005): 由于线程退出或应用程序请求，已中止 I/O 操作。
   在 System.Net.HttpListener.GetContext()
   在 WestWorldVPN.Component.HttpWebServer.<Run>b__4_0(Object o)

 
--------------------------------info[10:55:14]--------------------------------
System.Exception: PAC Webserver prefixes http://127.0.0.1:21883/pac/

 
--------------------------------info[10:55:14]--------------------------------
System.Exception: PAC Webserver at 127.0.0.1:21883

 
--------------------------------info[10:55:21]--------------------------------
System.Exception: 网络请求地址：https://xbvpn.site/user/node/get-list?limit=500&net_type=TROJAN&request_platform=APP_WINDOWS

 
--------------------------------info[10:56:56]--------------------------------
System.Exception: 网络请求地址：https://xbvpn.site/user/account/get-info

 
--------------------------------info[10:56:57]--------------------------------
System.Exception: 网络请求地址：https://xbvpn.site/system/default/init?config_version=ca9fac611b3ab57a8a70004ceaff5e06

 
--------------------------------info[10:56:57]--------------------------------
System.Exception: 网络请求地址：https://xbvpn.site/user/node/get-list?limit=500&net_type=TROJAN&request_platform=APP_WINDOWS

 
--------------------------------由于线程退出或应用程序请求，已中止 I/O 操作。[10:56:58]--------------------------------
System.Net.HttpListenerException (0x80004005): 由于线程退出或应用程序请求，已中止 I/O 操作。
   在 System.Net.HttpListener.GetContext()
   在 WestWorldVPN.Component.HttpWebServer.<Run>b__4_0(Object o)

 
