--------------------------------info[01:04:33]--------------------------------
System.Exception: 网络请求地址：https://xbvpn.site/user/account/get-info

 
--------------------------------info[01:04:35]--------------------------------
System.Exception: 网络请求地址：https://xbvpn.site/system/default/init?config_version=9ff69ac3a95399d897a7bd6a900ec7cc

 
--------------------------------info[01:04:35]--------------------------------
System.Exception: 网络请求地址：https://xbvpn.site/user/node/get-list?limit=500&net_type=TROJAN&request_platform=APP_WINDOWS

 
--------------------------------info[01:05:49]--------------------------------
System.Exception: 网络请求地址：https://xbvpn.site/user/account/get-info

 
--------------------------------info[01:05:50]--------------------------------
System.Exception: 网络请求地址：https://xbvpn.site/system/default/init?config_version=b79d4f6c1a35205ec5d4b6cd5af4e8d7

 
--------------------------------info[01:05:50]--------------------------------
System.Exception: 网络请求地址：https://xbvpn.site/user/node/get-list?limit=500&net_type=TROJAN&request_platform=APP_WINDOWS

 
--------------------------------info[01:05:54]--------------------------------
System.Exception: PAC Webserver prefixes http://127.0.0.1:21883/pac/

 
--------------------------------info[01:05:54]--------------------------------
System.Exception: PAC Webserver at 127.0.0.1:21883

 
--------------------------------info[01:25:58]--------------------------------
System.Exception: 网络请求地址：https://xbvpn.site/user/account/get-info

 
--------------------------------由于线程退出或应用程序请求，已中止 I/O 操作。[01:26:00]--------------------------------
System.Net.HttpListenerException (0x80004005): 由于线程退出或应用程序请求，已中止 I/O 操作。
   在 System.Net.HttpListener.GetContext()
   在 WestWorldVPN.Component.HttpWebServer.<Run>b__4_0(Object o)

 
--------------------------------info[01:26:00]--------------------------------
System.Exception: 网络请求地址：https://xbvpn.site/user/node/get-list?limit=500&net_type=TROJAN&request_platform=APP_WINDOWS

 
