--------------------------------info[11:22:50]--------------------------------
System.Exception: 程序运行目录 : C:\Users\zhangwei\Desktop\WestWorldVPN-For-Windows\WestWorldVPN.exe

 
--------------------------------info[11:22:52]--------------------------------
System.Exception: 网络请求地址：https://xbvpn.site/user/account/get-info

 
--------------------------------info[11:22:53]--------------------------------
System.Exception: 网络请求地址：https://xbvpn.site/system/default/init?config_version=d3dc4614f6b0e026bb03583317047ba3

 
--------------------------------info[11:22:53]--------------------------------
System.Exception: 网络请求地址：https://xbvpn.site/user/node/get-list?limit=500&net_type=TROJAN&request_platform=APP_WINDOWS

 
--------------------------------info[11:22:56]--------------------------------
System.Exception: PAC Webserver prefixes http://127.0.0.1:21883/pac/

 
--------------------------------info[11:22:56]--------------------------------
System.Exception: PAC Webserver running...

 
--------------------------------info[11:32:40]--------------------------------
System.Exception: 网络请求地址：https://xbvpn.site/user/account/get-info

 
--------------------------------info[11:32:42]--------------------------------
System.Exception: 网络请求地址：https://xbvpn.site/system/default/init?config_version=ef43fcb186949eaa5b523b79470ab9cb

 
--------------------------------info[11:32:42]--------------------------------
System.Exception: 网络请求地址：https://xbvpn.site/user/node/get-list?limit=500&net_type=TROJAN&request_platform=APP_WINDOWS

 
--------------------------------由于线程退出或应用程序请求，已中止 I/O 操作。[11:32:42]--------------------------------
System.Net.HttpListenerException (0x80004005): 由于线程退出或应用程序请求，已中止 I/O 操作。
   在 System.Net.HttpListener.GetContext()
   在 WestWorldVPN.Component.HttpWebServer.<Run>b__4_0(Object o)

 
--------------------------------info[16:08:22]--------------------------------
System.Exception: 网络请求地址：https://xbvpn.site/user/account/get-info

 
--------------------------------info[16:08:23]--------------------------------
System.Exception: 网络请求地址：https://xbvpn.site/system/default/init?config_version=1cee2747f04240578a898852a8280f53

 
--------------------------------info[16:08:23]--------------------------------
System.Exception: 网络请求地址：https://xbvpn.site/user/node/get-list?limit=500&net_type=TROJAN&request_platform=APP_WINDOWS

 
--------------------------------info[16:08:25]--------------------------------
System.Exception: PAC Webserver prefixes http://127.0.0.1:21883/pac/

 
--------------------------------info[16:08:25]--------------------------------
System.Exception: PAC Webserver at 127.0.0.1:21883

 
--------------------------------info[16:16:13]--------------------------------
System.Exception: 网络请求地址：https://xbvpn.site/user/account/get-info

 
--------------------------------由于线程退出或应用程序请求，已中止 I/O 操作。[16:16:14]--------------------------------
System.Net.HttpListenerException (0x80004005): 由于线程退出或应用程序请求，已中止 I/O 操作。
   在 System.Net.HttpListener.GetContext()
   在 WestWorldVPN.Component.HttpWebServer.<Run>b__4_0(Object o)

 
--------------------------------info[16:16:15]--------------------------------
System.Exception: 网络请求地址：https://xbvpn.site/system/default/init?config_version=19af0e0343482ae83cfb2ebddef5859c

 
--------------------------------info[16:16:15]--------------------------------
System.Exception: 网络请求地址：https://xbvpn.site/user/node/get-list?limit=500&net_type=TROJAN&request_platform=APP_WINDOWS

 
