--------------------------------info[10:33:35]--------------------------------
System.Exception: 程序运行目录 : C:\Users\zhangwei\Desktop\WestWorldVPN-For-Windows\WestWorldVPN.exe

 
--------------------------------info[10:33:35]--------------------------------
System.Exception: Main exe start up 1.06

 
--------------------------------info[10:33:35]--------------------------------
System.Exception: 网络请求地址：https://xbvpn.site/system/default/init?config_version=b17258ec1d275fda33be0a52fbe418d3

 
--------------------------------info[10:33:45]--------------------------------
System.Exception: 网络请求地址：https://xbvpn.site/user/account/get-info

 
--------------------------------info[10:33:45]--------------------------------
System.Exception: 网络请求地址：https://xbvpn.site/system/default/init?config_version=3245c7703f29d30db261bb1c3aec7ef0

 
--------------------------------info[10:33:45]--------------------------------
System.Exception: 网络请求地址：https://xbvpn.site/user/node/get-list?limit=500&net_type=TROJAN&request_platform=APP_WINDOWS

 
--------------------------------info[10:33:57]--------------------------------
System.Exception: PAC Webserver prefixes http://127.0.0.1:21883/pac/

 
--------------------------------info[10:33:57]--------------------------------
System.Exception: PAC Webserver at 127.0.0.1:21883

 
--------------------------------info[10:33:57]--------------------------------
System.Exception: PAC Webserver running...

 
--------------------------------info[10:34:27]--------------------------------
System.Exception: 网络请求地址：https://xbvpn.site/user/node/get-list?limit=500&net_type=TROJAN&request_platform=APP_WINDOWS

 
--------------------------------由于线程退出或应用程序请求，已中止 I/O 操作。[10:34:29]--------------------------------
System.Net.HttpListenerException (0x80004005): 由于线程退出或应用程序请求，已中止 I/O 操作。
   在 System.Net.HttpListener.GetContext()
   在 WestWorldVPN.Component.HttpWebServer.<Run>b__4_0(Object o)

 
--------------------------------info[14:54:31]--------------------------------
System.Exception: 网络请求地址：https://xbvpn.site/user/account/get-info

 
--------------------------------info[14:54:33]--------------------------------
System.Exception: PAC Webserver prefixes http://127.0.0.1:21883/pac/

 
--------------------------------info[14:54:33]--------------------------------
System.Exception: PAC Webserver running...

 
--------------------------------info[14:54:38]--------------------------------
System.Exception: 网络请求地址：https://xbvpn.site/user/account/get-info

 
--------------------------------info[14:54:39]--------------------------------
System.Exception: 网络请求地址：https://xbvpn.site/system/default/init?config_version=72faefddadaf6c41d684d09d656b9672

 
--------------------------------info[14:54:39]--------------------------------
System.Exception: 网络请求地址：https://xbvpn.site/user/node/get-list?limit=500&net_type=TROJAN&request_platform=APP_WINDOWS

 
--------------------------------info[17:09:35]--------------------------------
System.Exception: 网络请求地址：https://xbvpn.site/user/account/get-info

 
--------------------------------由于线程退出或应用程序请求，已中止 I/O 操作。[17:09:36]--------------------------------
System.Net.HttpListenerException (0x80004005): 由于线程退出或应用程序请求，已中止 I/O 操作。
   在 System.Net.HttpListener.GetContext()
   在 WestWorldVPN.Component.HttpWebServer.<Run>b__4_0(Object o)

 
--------------------------------info[17:09:36]--------------------------------
System.Exception: 网络请求地址：https://xbvpn.site/system/default/init?config_version=5fbb5a08242aca627ccb209a065e808a

 
--------------------------------info[17:09:36]--------------------------------
System.Exception: 网络请求地址：https://xbvpn.site/user/node/get-list?limit=500&net_type=TROJAN&request_platform=APP_WINDOWS

 
