--------------------------------info[09:18:45]--------------------------------
System.Exception: 网络请求地址：https://xbvpn.site/user/account/get-info

 
--------------------------------info[09:18:46]--------------------------------
System.Exception: 网络请求地址：https://xbvpn.site/system/default/init?config_version=a19ebed25a6d7e7762d11706f4ef5eb1

 
--------------------------------info[09:18:46]--------------------------------
System.Exception: 网络请求地址：https://xbvpn.site/user/node/get-list?limit=500&net_type=TROJAN&request_platform=APP_WINDOWS

 
--------------------------------info[09:18:47]--------------------------------
System.Exception: PAC Webserver prefixes http://127.0.0.1:21883/pac/

 
--------------------------------info[09:18:47]--------------------------------
System.Exception: PAC Webserver at 127.0.0.1:21883

 
--------------------------------info[09:18:47]--------------------------------
System.Exception: PAC Webserver Request 127.0.0.1

 
--------------------------------info[09:18:47]--------------------------------
System.Exception: PAC Webserver Request 127.0.0.1

 
--------------------------------info[09:18:47]--------------------------------
System.Exception: PAC Webserver Request 127.0.0.1

 
--------------------------------info[09:18:47]--------------------------------
System.Exception: PAC Webserver Request 127.0.0.1

 
--------------------------------info[09:18:47]--------------------------------
System.Exception: PAC Webserver Request 127.0.0.1

 
--------------------------------info[09:18:47]--------------------------------
System.Exception: PAC Webserver Request 127.0.0.1

 
--------------------------------info[09:18:47]--------------------------------
System.Exception: PAC Webserver Request 127.0.0.1

 
--------------------------------info[09:18:48]--------------------------------
System.Exception: PAC Webserver Request 127.0.0.1

 
--------------------------------info[10:04:40]--------------------------------
System.Exception: PAC Webserver Request 127.0.0.1

 
--------------------------------info[10:33:56]--------------------------------
System.Exception: PAC Webserver Request 127.0.0.1

 
--------------------------------info[10:41:39]--------------------------------
System.Exception: 网络请求地址：https://xbvpn.site/user/account/get-info

 
--------------------------------info[10:41:40]--------------------------------
System.Exception: 网络请求地址：https://xbvpn.site/system/default/init?config_version=bc1182579b44bbe73fdaaadbb4bb4f35

 
--------------------------------info[10:41:40]--------------------------------
System.Exception: 网络请求地址：https://xbvpn.site/user/node/get-list?limit=500&net_type=TROJAN&request_platform=APP_WINDOWS

 
--------------------------------由于线程退出或应用程序请求，已中止 I/O 操作。[10:41:40]--------------------------------
System.Net.HttpListenerException (0x80004005): 由于线程退出或应用程序请求，已中止 I/O 操作。
   在 System.Net.HttpListener.GetContext()
   在 WestWorldVPN.Component.HttpWebServer.<Run>b__4_0(Object o)

 
--------------------------------info[11:10:20]--------------------------------
System.Exception: 网络请求地址：https://xbvpn.site/user/account/get-info

 
--------------------------------info[11:10:22]--------------------------------
System.Exception: 网络请求地址：https://xbvpn.site/system/default/init?config_version=d69576ec1e452aaafd032a1bff97346e

 
--------------------------------info[11:10:22]--------------------------------
System.Exception: 网络请求地址：https://xbvpn.site/user/node/get-list?limit=500&net_type=TROJAN&request_platform=APP_WINDOWS

 
--------------------------------info[11:10:23]--------------------------------
System.Exception: PAC Webserver prefixes http://127.0.0.1:21883/pac/

 
--------------------------------info[11:10:23]--------------------------------
System.Exception: PAC Webserver at 127.0.0.1:21883

 
--------------------------------info[11:10:23]--------------------------------
System.Exception: PAC Webserver Request 127.0.0.1

 
--------------------------------info[11:10:23]--------------------------------
System.Exception: PAC Webserver Request 127.0.0.1

 
--------------------------------info[11:10:23]--------------------------------
System.Exception: PAC Webserver Request 127.0.0.1

 
--------------------------------info[11:10:23]--------------------------------
System.Exception: PAC Webserver Request 127.0.0.1

 
--------------------------------info[11:10:23]--------------------------------
System.Exception: PAC Webserver Request 127.0.0.1

 
--------------------------------info[11:10:23]--------------------------------
System.Exception: PAC Webserver Request 127.0.0.1

 
--------------------------------info[11:10:23]--------------------------------
System.Exception: PAC Webserver Request 127.0.0.1

 
--------------------------------info[11:10:23]--------------------------------
System.Exception: PAC Webserver Request 127.0.0.1

 
--------------------------------info[11:10:23]--------------------------------
System.Exception: PAC Webserver Request 127.0.0.1

 
--------------------------------info[11:36:52]--------------------------------
System.Exception: PAC Webserver Request 127.0.0.1

 
--------------------------------info[12:32:57]--------------------------------
System.Exception: PAC Webserver Request 127.0.0.1

 
--------------------------------info[13:17:13]--------------------------------
System.Exception: PAC Webserver Request 127.0.0.1

 
--------------------------------info[13:35:14]--------------------------------
System.Exception: 网络请求地址：https://xbvpn.site/user/account/get-info

 
--------------------------------info[13:35:14]--------------------------------
System.Exception: 网络请求地址：https://xbvpn.site/system/default/init?config_version=6331fcdc0820f61836b7bfc4b2477c66

 
--------------------------------info[13:35:14]--------------------------------
System.Exception: 网络请求地址：https://xbvpn.site/user/node/get-list?limit=500&net_type=TROJAN&request_platform=APP_WINDOWS

 
--------------------------------由于线程退出或应用程序请求，已中止 I/O 操作。[13:35:15]--------------------------------
System.Net.HttpListenerException (0x80004005): 由于线程退出或应用程序请求，已中止 I/O 操作。
   在 System.Net.HttpListener.GetContext()
   在 WestWorldVPN.Component.HttpWebServer.<Run>b__4_0(Object o)

 
--------------------------------info[13:45:10]--------------------------------
System.Exception: 网络请求地址：https://xbvpn.site/user/account/get-info

 
--------------------------------info[13:45:11]--------------------------------
System.Exception: 网络请求地址：https://xbvpn.site/system/default/init?config_version=6331fcdc0820f61836b7bfc4b2477c66

 
--------------------------------info[13:45:11]--------------------------------
System.Exception: 网络请求地址：https://xbvpn.site/user/node/get-list?limit=500&net_type=TROJAN&request_platform=APP_WINDOWS

 
--------------------------------info[13:45:12]--------------------------------
System.Exception: PAC Webserver prefixes http://127.0.0.1:21883/pac/

 
--------------------------------info[13:45:12]--------------------------------
System.Exception: PAC Webserver running...

 
--------------------------------info[13:45:12]--------------------------------
System.Exception: PAC Webserver Request 127.0.0.1

 
--------------------------------info[13:45:12]--------------------------------
System.Exception: PAC Webserver Request 127.0.0.1

 
--------------------------------info[13:45:12]--------------------------------
System.Exception: PAC Webserver Request 127.0.0.1

 
--------------------------------info[13:45:12]--------------------------------
System.Exception: PAC Webserver Request 127.0.0.1

 
--------------------------------info[13:45:12]--------------------------------
System.Exception: PAC Webserver Request 127.0.0.1

 
--------------------------------info[13:45:12]--------------------------------
System.Exception: PAC Webserver Request 127.0.0.1

 
--------------------------------info[13:45:12]--------------------------------
System.Exception: PAC Webserver Request 127.0.0.1

 
--------------------------------info[13:54:37]--------------------------------
System.Exception: PAC Webserver Request 127.0.0.1

 
--------------------------------info[13:54:37]--------------------------------
System.Exception: PAC Webserver Request 127.0.0.1

 
--------------------------------info[13:55:17]--------------------------------
System.Exception: PAC Webserver Request 127.0.0.1

 
--------------------------------info[13:55:17]--------------------------------
System.Exception: PAC Webserver Request 127.0.0.1

 
--------------------------------info[13:56:57]--------------------------------
System.Exception: PAC Webserver Request 127.0.0.1

 
--------------------------------info[13:59:13]--------------------------------
System.Exception: PAC Webserver Request 127.0.0.1

 
--------------------------------info[13:59:13]--------------------------------
System.Exception: PAC Webserver Request 127.0.0.1

 
--------------------------------info[14:25:06]--------------------------------
System.Exception: PAC Webserver Request 127.0.0.1

 
--------------------------------info[14:28:07]--------------------------------
System.Exception: PAC Webserver Request 127.0.0.1

 
--------------------------------info[14:28:07]--------------------------------
System.Exception: PAC Webserver Request 127.0.0.1

 
--------------------------------info[14:30:21]--------------------------------
System.Exception: PAC Webserver Request 127.0.0.1

 
--------------------------------info[14:30:21]--------------------------------
System.Exception: PAC Webserver Request 127.0.0.1

 
--------------------------------info[14:30:22]--------------------------------
System.Exception: PAC Webserver Request 127.0.0.1

 
--------------------------------info[16:34:35]--------------------------------
System.Exception: 网络请求地址：https://xbvpn.site/user/account/get-info

 
--------------------------------info[16:34:35]--------------------------------
System.Exception: PAC Webserver Request 127.0.0.1

 
--------------------------------由于线程退出或应用程序请求，已中止 I/O 操作。[16:34:37]--------------------------------
System.Net.HttpListenerException (0x80004005): 由于线程退出或应用程序请求，已中止 I/O 操作。
   在 System.Net.HttpListener.GetContext()
   在 WestWorldVPN.Component.HttpWebServer.<Run>b__4_0(Object o)

 
--------------------------------info[16:34:37]--------------------------------
System.Exception: 网络请求地址：https://xbvpn.site/system/default/init?config_version=09eca0d3e07e7b026dd02c16f4f41041

 
--------------------------------info[16:34:37]--------------------------------
System.Exception: 网络请求地址：https://xbvpn.site/user/node/get-list?limit=500&net_type=TROJAN&request_platform=APP_WINDOWS

 
--------------------------------info[19:11:00]--------------------------------
System.Exception: 网络请求地址：https://xbvpn.site/user/account/get-info

 
--------------------------------info[19:11:01]--------------------------------
System.Exception: 网络请求地址：https://xbvpn.site/system/default/init?config_version=09eca0d3e07e7b026dd02c16f4f41041

 
--------------------------------info[19:11:03]--------------------------------
System.Exception: PAC Webserver prefixes http://127.0.0.1:21883/pac/

 
--------------------------------info[19:11:03]--------------------------------
System.Exception: PAC Webserver running...

 
--------------------------------info[19:11:03]--------------------------------
System.Exception: PAC Webserver Request 127.0.0.1

 
--------------------------------info[19:11:03]--------------------------------
System.Exception: PAC Webserver Request 127.0.0.1

 
--------------------------------info[19:11:03]--------------------------------
System.Exception: PAC Webserver Request 127.0.0.1

 
--------------------------------info[19:11:03]--------------------------------
System.Exception: PAC Webserver Request 127.0.0.1

 
--------------------------------info[19:11:03]--------------------------------
System.Exception: PAC Webserver Request 127.0.0.1

 
--------------------------------info[19:11:03]--------------------------------
System.Exception: PAC Webserver Request 127.0.0.1

 
--------------------------------info[19:11:03]--------------------------------
System.Exception: 网络请求地址：https://xbvpn.site/user/node/get-list?limit=500&net_type=TROJAN&request_platform=APP_WINDOWS

 
--------------------------------info[19:11:03]--------------------------------
System.Exception: PAC Webserver Request 127.0.0.1

 
--------------------------------info[19:11:03]--------------------------------
System.Exception: PAC Webserver Request 127.0.0.1

 
--------------------------------info[19:11:03]--------------------------------
System.Exception: PAC Webserver Request 127.0.0.1

 
--------------------------------info[19:29:37]--------------------------------
System.Exception: 网络请求地址：https://xbvpn.site/user/account/get-info

 
--------------------------------由于线程退出或应用程序请求，已中止 I/O 操作。[19:29:38]--------------------------------
System.Net.HttpListenerException (0x80004005): 由于线程退出或应用程序请求，已中止 I/O 操作。
   在 System.Net.HttpListener.GetContext()
   在 WestWorldVPN.Component.HttpWebServer.<Run>b__4_0(Object o)

 
--------------------------------info[19:29:38]--------------------------------
System.Exception: 网络请求地址：https://xbvpn.site/system/default/init?config_version=85aea6cef0d018aee436cfdf1be07da1

 
--------------------------------info[19:29:38]--------------------------------
System.Exception: 网络请求地址：https://xbvpn.site/user/node/get-list?limit=500&net_type=TROJAN&request_platform=APP_WINDOWS

 
--------------------------------info[19:52:48]--------------------------------
System.Exception: 网络请求地址：https://xbvpn.site/user/account/get-info

 
--------------------------------info[19:52:48]--------------------------------
System.Exception: 网络请求地址：https://xbvpn.site/system/default/init?config_version=3337e451afb19a3c46f0bbf0d50c5745

 
--------------------------------info[19:52:48]--------------------------------
System.Exception: 网络请求地址：https://xbvpn.site/user/node/get-list?limit=500&net_type=TROJAN&request_platform=APP_WINDOWS

 
--------------------------------info[19:52:50]--------------------------------
System.Exception: PAC Webserver prefixes http://127.0.0.1:21883/pac/

 
--------------------------------info[19:52:50]--------------------------------
System.Exception: PAC Webserver running...

 
--------------------------------info[19:52:50]--------------------------------
System.Exception: PAC Webserver Request 127.0.0.1

 
--------------------------------info[19:52:50]--------------------------------
System.Exception: PAC Webserver Request 127.0.0.1

 
--------------------------------info[19:52:50]--------------------------------
System.Exception: PAC Webserver Request 127.0.0.1

 
--------------------------------info[19:52:50]--------------------------------
System.Exception: PAC Webserver Request 127.0.0.1

 
--------------------------------info[19:52:50]--------------------------------
System.Exception: PAC Webserver Request 127.0.0.1

 
--------------------------------info[19:52:50]--------------------------------
System.Exception: PAC Webserver Request 127.0.0.1

 
--------------------------------info[20:21:07]--------------------------------
System.Exception: PAC Webserver Request 127.0.0.1

 
--------------------------------info[21:11:08]--------------------------------
System.Exception: 网络请求地址：https://xbvpn.site/user/account/get-info

 
--------------------------------info[21:11:10]--------------------------------
System.Exception: 网络请求地址：https://xbvpn.site/system/default/init?config_version=268fd59890be307b4446750d2130d1c7

 
--------------------------------info[21:11:10]--------------------------------
System.Exception: 网络请求地址：https://xbvpn.site/user/node/get-list?limit=500&net_type=TROJAN&request_platform=APP_WINDOWS

 
--------------------------------由于线程退出或应用程序请求，已中止 I/O 操作。[21:11:10]--------------------------------
System.Net.HttpListenerException (0x80004005): 由于线程退出或应用程序请求，已中止 I/O 操作。
   在 System.Net.HttpListener.GetContext()
   在 WestWorldVPN.Component.HttpWebServer.<Run>b__4_0(Object o)

 
