--------------------------------info[00:04:34]--------------------------------
System.Exception: PAC Webserver Request 127.0.0.1

 
--------------------------------info[00:31:53]--------------------------------
System.Exception: PAC Webserver Request 127.0.0.1

 
--------------------------------info[00:44:23]--------------------------------
System.Exception: PAC Webserver Request 127.0.0.1

 
--------------------------------info[01:14:48]--------------------------------
System.Exception: PAC Webserver Request 127.0.0.1

 
--------------------------------info[01:49:39]--------------------------------
System.Exception: PAC Webserver Request 127.0.0.1

 
--------------------------------info[02:57:25]--------------------------------
System.Exception: PAC Webserver Request 127.0.0.1

 
--------------------------------info[04:35:45]--------------------------------
System.Exception: PAC Webserver Request 127.0.0.1

 
--------------------------------info[04:35:45]--------------------------------
System.Exception: PAC Webserver Request 127.0.0.1

 
--------------------------------info[04:35:45]--------------------------------
System.Exception: PAC Webserver Request 127.0.0.1

 
--------------------------------info[04:35:48]--------------------------------
System.Exception: PAC Webserver Request 127.0.0.1

 
--------------------------------info[05:12:57]--------------------------------
System.Exception: PAC Webserver Request 127.0.0.1

 
--------------------------------info[05:57:24]--------------------------------
System.Exception: PAC Webserver Request 127.0.0.1

 
--------------------------------info[06:12:57]--------------------------------
System.Exception: PAC Webserver Request 127.0.0.1

 
--------------------------------info[06:21:27]--------------------------------
System.Exception: 网络请求地址：https://xbvpn.site/user/account/get-info

 
--------------------------------info[06:21:28]--------------------------------
System.Exception: 网络请求地址：https://xbvpn.site/system/default/init?config_version=b43fc0308ebdd41bb25a8445ff402533

 
--------------------------------info[06:21:28]--------------------------------
System.Exception: 网络请求地址：https://xbvpn.site/user/node/get-list?limit=500&net_type=TROJAN&request_platform=APP_WINDOWS

 
--------------------------------由于线程退出或应用程序请求，已中止 I/O 操作。[06:21:29]--------------------------------
System.Net.HttpListenerException (0x80004005): 由于线程退出或应用程序请求，已中止 I/O 操作。
   在 System.Net.HttpListener.GetContext()
   在 WestWorldVPN.Component.HttpWebServer.<Run>b__4_0(Object o)

 
