--------------------------------info[09:41:50]--------------------------------
System.Exception: 程序运行目录 : C:\Users\zhangwei\Desktop\WestWorldVPN-For-Windows\WestWorldVPN.exe

 
--------------------------------info[09:41:50]--------------------------------
System.Exception: Main exe start up 1.06

 
--------------------------------info[09:41:50]--------------------------------
System.Exception: 网络请求地址：https://xbvpn.site/system/default/init?config_version=854ab3d4aca9a7d59b2bd5002bbaefb5

 
--------------------------------info[09:41:51]--------------------------------
System.Exception: PAC Webserver prefixes http://127.0.0.1:21883/pac/

 
--------------------------------info[09:41:51]--------------------------------
System.Exception: PAC Webserver at 127.0.0.1:21883

 
--------------------------------info[09:41:51]--------------------------------
System.Exception: PAC Webserver running...

 
--------------------------------info[09:41:52]--------------------------------
System.Exception: 网络请求地址：https://xbvpn.site/user/account/get-info

 
--------------------------------info[09:41:53]--------------------------------
System.Exception: 网络请求地址：https://xbvpn.site/system/default/init?config_version=854ab3d4aca9a7d59b2bd5002bbaefb5

 
--------------------------------info[09:41:53]--------------------------------
System.Exception: 网络请求地址：https://xbvpn.site/user/node/get-list?limit=500&net_type=TROJAN&request_platform=APP_WINDOWS

 
--------------------------------由于线程退出或应用程序请求，已中止 I/O 操作。[09:41:54]--------------------------------
System.Net.HttpListenerException (0x80004005): 由于线程退出或应用程序请求，已中止 I/O 操作。
   在 System.Net.HttpListener.GetContext()
   在 WestWorldVPN.Component.HttpWebServer.<Run>b__4_0(Object o)

 
--------------------------------info[09:42:14]--------------------------------
System.Exception: 网络请求地址：https://xbvpn.site/user/node/get-list?limit=500&net_type=TROJAN&request_platform=APP_WINDOWS

 
--------------------------------info[14:37:18]--------------------------------
System.Exception: 网络请求地址：https://xbvpn.site/user/account/get-info

 
--------------------------------info[14:37:18]--------------------------------
System.Exception: 网络请求地址：https://xbvpn.site/system/default/init?config_version=524029329b82cffd7657e999c4d93260

 
--------------------------------info[14:37:18]--------------------------------
System.Exception: 网络请求地址：https://xbvpn.site/user/node/get-list?limit=500&net_type=TROJAN&request_platform=APP_WINDOWS

 
--------------------------------info[14:37:22]--------------------------------
System.Exception: PAC Webserver prefixes http://127.0.0.1:21883/pac/

 
--------------------------------info[14:37:22]--------------------------------
System.Exception: PAC Webserver running...

 
--------------------------------info[14:37:49]--------------------------------
System.Exception: 网络请求地址：https://xbvpn.site/user/node/get-list?limit=500&net_type=TROJAN&request_platform=APP_WINDOWS

 
--------------------------------由于线程退出或应用程序请求，已中止 I/O 操作。[14:37:50]--------------------------------
System.Net.HttpListenerException (0x80004005): 由于线程退出或应用程序请求，已中止 I/O 操作。
   在 System.Net.HttpListener.GetContext()
   在 WestWorldVPN.Component.HttpWebServer.<Run>b__4_0(Object o)

 
