--------------------------------info[00:29:31]--------------------------------
System.Exception: PAC Webserver Request 127.0.0.1

 
--------------------------------info[01:16:33]--------------------------------
System.Exception: PAC Webserver Request 127.0.0.1

 
--------------------------------info[02:16:34]--------------------------------
System.Exception: PAC Webserver Request 127.0.0.1

 
--------------------------------info[02:42:20]--------------------------------
System.Exception: PAC Webserver Request 127.0.0.1

 
--------------------------------info[03:16:35]--------------------------------
System.Exception: PAC Webserver Request 127.0.0.1

 
--------------------------------info[04:16:36]--------------------------------
System.Exception: PAC Webserver Request 127.0.0.1

 
--------------------------------info[05:16:37]--------------------------------
System.Exception: PAC Webserver Request 127.0.0.1

 
--------------------------------info[06:04:14]--------------------------------
System.Exception: PAC Webserver Request 127.0.0.1

 
--------------------------------info[06:16:38]--------------------------------
System.Exception: PAC Webserver Request 127.0.0.1

 
--------------------------------info[06:28:57]--------------------------------
System.Exception: PAC Webserver Request 127.0.0.1

 
--------------------------------info[06:45:08]--------------------------------
System.Exception: PAC Webserver Request 127.0.0.1

 
--------------------------------info[07:16:39]--------------------------------
System.Exception: PAC Webserver Request 127.0.0.1

 
--------------------------------info[07:42:20]--------------------------------
System.Exception: PAC Webserver Request 127.0.0.1

 
--------------------------------info[07:48:19]--------------------------------
System.Exception: PAC Webserver Request 127.0.0.1

 
--------------------------------info[08:16:40]--------------------------------
System.Exception: PAC Webserver Request 127.0.0.1

 
--------------------------------info[08:43:27]--------------------------------
System.Exception: PAC Webserver Request 127.0.0.1

 
--------------------------------info[08:44:50]--------------------------------
System.Exception: PAC Webserver Request 127.0.0.1

 
--------------------------------info[09:00:44]--------------------------------
System.Exception: PAC Webserver Request 127.0.0.1

 
--------------------------------info[09:47:07]--------------------------------
System.Exception: PAC Webserver Request 127.0.0.1

 
--------------------------------info[09:47:09]--------------------------------
System.Exception: PAC Webserver Request 127.0.0.1

 
--------------------------------info[09:50:29]--------------------------------
System.Exception: 网络请求地址：https://xbvpn.site/user/account/get-info

 
--------------------------------info[09:50:30]--------------------------------
System.Exception: 网络请求地址：https://xbvpn.site/system/default/init?config_version=d3f96325742b1c6dfab31a60106e59fa

 
--------------------------------info[09:50:30]--------------------------------
System.Exception: 网络请求地址：https://xbvpn.site/user/node/get-list?limit=500&net_type=TROJAN&request_platform=APP_WINDOWS

 
--------------------------------由于线程退出或应用程序请求，已中止 I/O 操作。[09:50:35]--------------------------------
System.Net.HttpListenerException (0x80004005): 由于线程退出或应用程序请求，已中止 I/O 操作。
   在 System.Net.HttpListener.GetContext()
   在 WestWorldVPN.Component.HttpWebServer.<Run>b__4_0(Object o)

 
--------------------------------info[10:19:45]--------------------------------
System.Exception: 网络请求地址：https://xbvpn.site/user/account/get-info

 
--------------------------------info[10:19:46]--------------------------------
System.Exception: 网络请求地址：https://xbvpn.site/system/default/init?config_version=a0ea4d27db704765f1ecb7e7484fd3ea

 
--------------------------------info[10:19:46]--------------------------------
System.Exception: 网络请求地址：https://xbvpn.site/user/node/get-list?limit=500&net_type=TROJAN&request_platform=APP_WINDOWS

 
--------------------------------info[10:19:48]--------------------------------
System.Exception: PAC Webserver prefixes http://127.0.0.1:21883/pac/

 
--------------------------------info[10:19:48]--------------------------------
System.Exception: PAC Webserver at 127.0.0.1:21883

 
--------------------------------info[10:19:48]--------------------------------
System.Exception: PAC Webserver Request 127.0.0.1

 
--------------------------------info[10:19:48]--------------------------------
System.Exception: PAC Webserver Request 127.0.0.1

 
--------------------------------info[10:19:48]--------------------------------
System.Exception: PAC Webserver Request 127.0.0.1

 
--------------------------------info[10:19:48]--------------------------------
System.Exception: PAC Webserver Request 127.0.0.1

 
--------------------------------info[10:19:48]--------------------------------
System.Exception: PAC Webserver Request 127.0.0.1

 
--------------------------------info[10:19:48]--------------------------------
System.Exception: PAC Webserver Request 127.0.0.1

 
--------------------------------info[10:19:48]--------------------------------
System.Exception: PAC Webserver Request 127.0.0.1

 
--------------------------------info[10:19:48]--------------------------------
System.Exception: PAC Webserver Request 127.0.0.1

 
--------------------------------info[10:20:25]--------------------------------
System.Exception: 网络请求地址：https://xbvpn.site/user/node/get-list?limit=500&net_type=TROJAN&request_platform=APP_WINDOWS

 
--------------------------------由于线程退出或应用程序请求，已中止 I/O 操作。[10:20:28]--------------------------------
System.Net.HttpListenerException (0x80004005): 由于线程退出或应用程序请求，已中止 I/O 操作。
   在 System.Net.HttpListener.GetContext()
   在 WestWorldVPN.Component.HttpWebServer.<Run>b__4_0(Object o)

 
--------------------------------info[15:19:30]--------------------------------
System.Exception: 网络请求地址：https://xbvpn.site/user/account/get-info

 
--------------------------------info[15:19:31]--------------------------------
System.Exception: 网络请求地址：https://xbvpn.site/system/default/init?config_version=5fbc7fc6e923f108b0560cb78dc0d900

 
--------------------------------info[15:19:31]--------------------------------
System.Exception: 网络请求地址：https://xbvpn.site/user/node/get-list?limit=500&net_type=TROJAN&request_platform=APP_WINDOWS

 
--------------------------------info[15:19:32]--------------------------------
System.Exception: PAC Webserver prefixes http://127.0.0.1:21883/pac/

 
--------------------------------info[15:19:32]--------------------------------
System.Exception: PAC Webserver at 127.0.0.1:21883

 
--------------------------------info[15:19:32]--------------------------------
System.Exception: PAC Webserver Request 127.0.0.1

 
--------------------------------info[15:19:32]--------------------------------
System.Exception: PAC Webserver Request 127.0.0.1

 
--------------------------------info[15:19:32]--------------------------------
System.Exception: PAC Webserver Request 127.0.0.1

 
--------------------------------info[15:19:32]--------------------------------
System.Exception: PAC Webserver Request 127.0.0.1

 
--------------------------------info[15:19:32]--------------------------------
System.Exception: PAC Webserver Request 127.0.0.1

 
--------------------------------info[15:19:32]--------------------------------
System.Exception: PAC Webserver Request 127.0.0.1

 
--------------------------------info[15:19:33]--------------------------------
System.Exception: PAC Webserver Request 127.0.0.1

 
--------------------------------info[16:18:46]--------------------------------
System.Exception: PAC Webserver Request 127.0.0.1

 
--------------------------------info[16:32:52]--------------------------------
System.Exception: PAC Webserver Request 127.0.0.1

 
--------------------------------info[16:35:48]--------------------------------
System.Exception: PAC Webserver Request 127.0.0.1

 
--------------------------------info[16:35:50]--------------------------------
System.Exception: PAC Webserver Request 127.0.0.1

 
--------------------------------info[16:57:53]--------------------------------
System.Exception: PAC Webserver Request 127.0.0.1

 
--------------------------------info[17:29:44]--------------------------------
System.Exception: PAC Webserver Request 127.0.0.1

 
--------------------------------info[17:54:55]--------------------------------
System.Exception: 网络请求地址：https://xbvpn.site/user/account/get-info

 
--------------------------------info[17:54:56]--------------------------------
System.Exception: 网络请求地址：https://xbvpn.site/system/default/init?config_version=9178330dc238bcc0cb3fd64a9bd7342f

 
--------------------------------info[17:54:56]--------------------------------
System.Exception: 网络请求地址：https://xbvpn.site/user/node/get-list?limit=500&net_type=TROJAN&request_platform=APP_WINDOWS

 
--------------------------------由于线程退出或应用程序请求，已中止 I/O 操作。[17:54:57]--------------------------------
System.Net.HttpListenerException (0x80004005): 由于线程退出或应用程序请求，已中止 I/O 操作。
   在 System.Net.HttpListener.GetContext()
   在 WestWorldVPN.Component.HttpWebServer.<Run>b__4_0(Object o)

 
--------------------------------info[18:20:02]--------------------------------
System.Exception: 网络请求地址：https://xbvpn.site/user/account/get-info

 
--------------------------------info[18:20:03]--------------------------------
System.Exception: 网络请求地址：https://xbvpn.site/system/default/init?config_version=72effdcbb504939b7fb5ac844d51ed38

 
--------------------------------info[18:20:03]--------------------------------
System.Exception: 网络请求地址：https://xbvpn.site/user/node/get-list?limit=500&net_type=TROJAN&request_platform=APP_WINDOWS

 
--------------------------------info[18:20:05]--------------------------------
System.Exception: PAC Webserver prefixes http://127.0.0.1:21883/pac/

 
--------------------------------info[18:20:05]--------------------------------
System.Exception: PAC Webserver at 127.0.0.1:21883

 
--------------------------------info[18:20:05]--------------------------------
System.Exception: PAC Webserver Request 127.0.0.1

 
--------------------------------info[18:20:05]--------------------------------
System.Exception: PAC Webserver Request 127.0.0.1

 
--------------------------------info[18:20:05]--------------------------------
System.Exception: PAC Webserver Request 127.0.0.1

 
--------------------------------info[18:20:05]--------------------------------
System.Exception: PAC Webserver Request 127.0.0.1

 
--------------------------------info[18:20:05]--------------------------------
System.Exception: PAC Webserver Request 127.0.0.1

 
--------------------------------info[18:20:05]--------------------------------
System.Exception: PAC Webserver Request 127.0.0.1

 
--------------------------------info[18:35:16]--------------------------------
System.Exception: PAC Webserver Request 127.0.0.1

 
--------------------------------info[18:35:32]--------------------------------
System.Exception: 网络请求地址：https://xbvpn.site/user/account/get-info

 
--------------------------------info[18:35:33]--------------------------------
System.Exception: 网络请求地址：https://xbvpn.site/system/default/init?config_version=954bf75c3dd86232591e09354632d4ce

 
--------------------------------info[18:35:33]--------------------------------
System.Exception: 网络请求地址：https://xbvpn.site/user/node/get-list?limit=500&net_type=TROJAN&request_platform=APP_WINDOWS

 
--------------------------------由于线程退出或应用程序请求，已中止 I/O 操作。[18:35:34]--------------------------------
System.Net.HttpListenerException (0x80004005): 由于线程退出或应用程序请求，已中止 I/O 操作。
   在 System.Net.HttpListener.GetContext()
   在 WestWorldVPN.Component.HttpWebServer.<Run>b__4_0(Object o)

 
--------------------------------info[18:50:51]--------------------------------
System.Exception: 网络请求地址：https://xbvpn.site/user/account/get-info

 
--------------------------------info[18:50:52]--------------------------------
System.Exception: 网络请求地址：https://xbvpn.site/system/default/init?config_version=06d75e4d709ede2f5a00612f198d868d

 
--------------------------------info[18:50:52]--------------------------------
System.Exception: 网络请求地址：https://xbvpn.site/user/node/get-list?limit=500&net_type=TROJAN&request_platform=APP_WINDOWS

 
--------------------------------info[18:50:54]--------------------------------
System.Exception: PAC Webserver prefixes http://127.0.0.1:21883/pac/

 
--------------------------------info[18:50:54]--------------------------------
System.Exception: PAC Webserver at 127.0.0.1:21883

 
--------------------------------info[18:50:54]--------------------------------
System.Exception: PAC Webserver Request 127.0.0.1

 
--------------------------------info[18:50:54]--------------------------------
System.Exception: PAC Webserver Request 127.0.0.1

 
--------------------------------info[18:50:54]--------------------------------
System.Exception: PAC Webserver Request 127.0.0.1

 
--------------------------------info[18:50:54]--------------------------------
System.Exception: PAC Webserver Request 127.0.0.1

 
--------------------------------info[18:50:54]--------------------------------
System.Exception: PAC Webserver Request 127.0.0.1

 
--------------------------------info[18:50:54]--------------------------------
System.Exception: PAC Webserver Request 127.0.0.1

 
--------------------------------info[18:50:54]--------------------------------
System.Exception: PAC Webserver Request 127.0.0.1

 
--------------------------------info[18:50:54]--------------------------------
System.Exception: PAC Webserver Request 127.0.0.1

 
--------------------------------info[18:50:54]--------------------------------
System.Exception: PAC Webserver Request 127.0.0.1

 
--------------------------------info[18:50:54]--------------------------------
System.Exception: PAC Webserver Request 127.0.0.1

 
--------------------------------info[18:50:54]--------------------------------
System.Exception: PAC Webserver Request 127.0.0.1

 
--------------------------------info[18:50:54]--------------------------------
System.Exception: PAC Webserver Request 127.0.0.1

 
--------------------------------info[19:19:55]--------------------------------
System.Exception: 网络请求地址：https://xbvpn.site/user/account/get-info

 
--------------------------------info[19:19:56]--------------------------------
System.Exception: 网络请求地址：https://xbvpn.site/system/default/init?config_version=326b56a00df2aefd8c6060a33518e750

 
--------------------------------info[19:19:56]--------------------------------
System.Exception: 网络请求地址：https://xbvpn.site/user/node/get-list?limit=500&net_type=TROJAN&request_platform=APP_WINDOWS

 
--------------------------------由于线程退出或应用程序请求，已中止 I/O 操作。[19:19:57]--------------------------------
System.Net.HttpListenerException (0x80004005): 由于线程退出或应用程序请求，已中止 I/O 操作。
   在 System.Net.HttpListener.GetContext()
   在 WestWorldVPN.Component.HttpWebServer.<Run>b__4_0(Object o)

 
--------------------------------info[19:20:24]--------------------------------
System.Exception: 网络请求地址：https://xbvpn.site/user/node/get-list?limit=500&net_type=TROJAN&request_platform=APP_WINDOWS

 
--------------------------------info[19:20:26]--------------------------------
System.Exception: PAC Webserver prefixes http://127.0.0.1:21883/pac/

 
--------------------------------info[19:20:26]--------------------------------
System.Exception: PAC Webserver running...

 
--------------------------------info[19:20:26]--------------------------------
System.Exception: PAC Webserver Request 127.0.0.1

 
--------------------------------info[19:20:26]--------------------------------
System.Exception: PAC Webserver Request 127.0.0.1

 
--------------------------------info[19:20:26]--------------------------------
System.Exception: PAC Webserver Request 127.0.0.1

 
--------------------------------info[19:20:26]--------------------------------
System.Exception: PAC Webserver Request 127.0.0.1

 
--------------------------------info[19:20:26]--------------------------------
System.Exception: PAC Webserver Request 127.0.0.1

 
--------------------------------info[19:20:26]--------------------------------
System.Exception: PAC Webserver Request 127.0.0.1

 
--------------------------------info[19:20:26]--------------------------------
System.Exception: PAC Webserver Request 127.0.0.1

 
--------------------------------info[19:20:28]--------------------------------
System.Exception: PAC Webserver Request 127.0.0.1

 
--------------------------------info[19:45:34]--------------------------------
System.Exception: 网络请求地址：https://xbvpn.site/user/account/get-info

 
--------------------------------info[19:45:34]--------------------------------
System.Exception: 网络请求地址：https://xbvpn.site/system/default/init?config_version=4ef8251b7d7b278b08bf169defc329ad

 
--------------------------------info[19:45:34]--------------------------------
System.Exception: 网络请求地址：https://xbvpn.site/user/node/get-list?limit=500&net_type=TROJAN&request_platform=APP_WINDOWS

 
--------------------------------由于线程退出或应用程序请求，已中止 I/O 操作。[19:45:35]--------------------------------
System.Net.HttpListenerException (0x80004005): 由于线程退出或应用程序请求，已中止 I/O 操作。
   在 System.Net.HttpListener.GetContext()
   在 WestWorldVPN.Component.HttpWebServer.<Run>b__4_0(Object o)

 
