--------------------------------info[09:58:35]--------------------------------
System.Exception: 程序运行目录 : C:\Users\zhangwei\Desktop\WestWorldVPN-For-Windows\WestWorldVPN.exe

 
--------------------------------info[09:58:35]--------------------------------
System.Exception: Main exe start up 1.06

 
--------------------------------info[09:58:35]--------------------------------
System.Exception: 网络请求地址：https://xbvpn.site/system/default/init?config_version=6b5330b10cafdba2418cd3fe260791d9

 
--------------------------------info[09:58:41]--------------------------------
System.Exception: 网络请求地址：https://xbvpn.site/user/account/get-info

 
--------------------------------info[09:58:42]--------------------------------
System.Exception: 网络请求地址：https://xbvpn.site/system/default/init?config_version=98f9953c139cb23b2cb20ebc5b3a0d41

 
--------------------------------info[09:58:42]--------------------------------
System.Exception: 网络请求地址：https://xbvpn.site/user/node/get-list?limit=500&net_type=TROJAN&request_platform=APP_WINDOWS

 
--------------------------------info[09:59:11]--------------------------------
System.Exception: PAC Webserver prefixes http://127.0.0.1:21883/pac/

 
--------------------------------info[09:59:11]--------------------------------
System.Exception: PAC Webserver at 127.0.0.1:21883

 
--------------------------------info[09:59:11]--------------------------------
System.Exception: PAC Webserver running...

 
--------------------------------info[09:59:11]--------------------------------
System.Exception: PAC Webserver Request 127.0.0.1

 
--------------------------------info[09:59:11]--------------------------------
System.Exception: PAC Webserver Request 127.0.0.1

 
--------------------------------info[09:59:11]--------------------------------
System.Exception: PAC Webserver Request 127.0.0.1

 
--------------------------------info[09:59:12]--------------------------------
System.Exception: PAC Webserver Request 127.0.0.1

 
--------------------------------info[09:59:13]--------------------------------
System.Exception: PAC Webserver Request 127.0.0.1

 
--------------------------------info[09:59:44]--------------------------------
System.Exception: 网络请求地址：https://xbvpn.site/user/account/get-info

 
--------------------------------info[09:59:44]--------------------------------
System.Exception: 网络请求地址：https://xbvpn.site/system/default/init?config_version=293163056d09da23503846dbe83b5492

 
--------------------------------info[09:59:44]--------------------------------
System.Exception: 网络请求地址：https://xbvpn.site/user/node/get-list?limit=500&net_type=TROJAN&request_platform=APP_WINDOWS

 
--------------------------------info[10:00:07]--------------------------------
System.Exception: 网络请求地址：https://xbvpn.site/user/node/get-list?limit=500&net_type=TROJAN&request_platform=APP_WINDOWS

 
--------------------------------由于线程退出或应用程序请求，已中止 I/O 操作。[10:00:08]--------------------------------
System.Net.HttpListenerException (0x80004005): 由于线程退出或应用程序请求，已中止 I/O 操作。
   在 System.Net.HttpListener.GetContext()
   在 WestWorldVPN.Component.HttpWebServer.<Run>b__4_0(Object o)

 
--------------------------------info[10:00:24]--------------------------------
System.Exception: PAC Webserver prefixes http://127.0.0.1:21883/pac/

 
--------------------------------info[10:00:24]--------------------------------
System.Exception: PAC Webserver at 127.0.0.1:21883

 
--------------------------------info[10:00:25]--------------------------------
System.Exception: PAC Webserver Request 127.0.0.1

 
--------------------------------info[10:01:02]--------------------------------
System.Exception: 网络请求地址：https://xbvpn.site/user/account/get-info

 
--------------------------------由于线程退出或应用程序请求，已中止 I/O 操作。[10:01:06]--------------------------------
System.Net.HttpListenerException (0x80004005): 由于线程退出或应用程序请求，已中止 I/O 操作。
   在 System.Net.HttpListener.GetContext()
   在 WestWorldVPN.Component.HttpWebServer.<Run>b__4_0(Object o)

 
--------------------------------info[10:01:06]--------------------------------
System.Exception: 网络请求地址：https://xbvpn.site/system/default/init?config_version=e666e8566ad1a431c18675b1c58100e8

 
--------------------------------info[10:01:06]--------------------------------
System.Exception: 网络请求地址：https://xbvpn.site/user/node/get-list?limit=500&net_type=TROJAN&request_platform=APP_WINDOWS

 
--------------------------------文件“C:\Users\zhangwei\WestWorldVPN\userConfig.json”正由另一进程使用，因此该进程无法访问此文件。[10:01:08]--------------------------------
System.IO.IOException: 文件“C:\Users\zhangwei\WestWorldVPN\userConfig.json”正由另一进程使用，因此该进程无法访问此文件。
   在 System.IO.__Error.WinIOError(Int32 errorCode, String maybeFullPath)
   在 System.IO.FileStream.Init(String path, FileMode mode, FileAccess access, Int32 rights, Boolean useRights, FileShare share, Int32 bufferSize, FileOptions options, SECURITY_ATTRIBUTES secAttrs, String msgPath, Boolean bFromProxy, Boolean useLongPath, Boolean checkHost)
   在 System.IO.FileStream..ctor(String path, FileMode mode, FileAccess access, FileShare share)
   在 WestWorldVPN.Library.Tools.FileWrite(String path, FileMode fileMode, FileAccess access, String content, String lockFile)

 
--------------------------------info[10:01:08]--------------------------------
System.Exception: 网络请求地址：https://xbvpn.site/user/node/get-list?limit=500&net_type=TROJAN&request_platform=APP_WINDOWS

 
--------------------------------info[10:01:25]--------------------------------
System.Exception: PAC Webserver prefixes http://127.0.0.1:21883/pac/

 
--------------------------------info[10:01:25]--------------------------------
System.Exception: PAC Webserver at 127.0.0.1:21883

 
--------------------------------info[10:01:25]--------------------------------
System.Exception: PAC Webserver running...

 
--------------------------------info[10:01:27]--------------------------------
System.Exception: PAC Webserver Request 127.0.0.1

 
--------------------------------info[10:02:12]--------------------------------
System.Exception: 网络请求地址：https://xbvpn.site/user/account/get-info

 
--------------------------------info[10:02:14]--------------------------------
System.Exception: 网络请求地址：https://xbvpn.site/system/default/init?config_version=385365805704528417d9d6356eb9614b

 
--------------------------------info[10:02:14]--------------------------------
System.Exception: 网络请求地址：https://xbvpn.site/user/node/get-list?limit=500&net_type=TROJAN&request_platform=APP_WINDOWS

 
--------------------------------由于线程退出或应用程序请求，已中止 I/O 操作。[10:02:15]--------------------------------
System.Net.HttpListenerException (0x80004005): 由于线程退出或应用程序请求，已中止 I/O 操作。
   在 System.Net.HttpListener.GetContext()
   在 WestWorldVPN.Component.HttpWebServer.<Run>b__4_0(Object o)

 
