--------------------------------info[10:04:52]--------------------------------
System.Exception: 程序运行目录 : C:\Users\zhangwei\Desktop\WestWorldVPN-For-Windows\WestWorldVPN.exe

 
--------------------------------info[10:04:52]--------------------------------
System.Exception: Main exe start up 1.06

 
--------------------------------info[10:04:52]--------------------------------
System.Exception: 网络请求地址：https://xbvpn.site/system/default/init?config_version=5fe8696e870586ad0eac6651c5638ebe

 
--------------------------------info[10:04:56]--------------------------------
System.Exception: 网络请求地址：https://xbvpn.site/user/account/get-info

 
--------------------------------info[10:04:56]--------------------------------
System.Exception: 网络请求地址：https://xbvpn.site/system/default/init?config_version=f8381d116a4ee5441c3ec4923daa8861

 
--------------------------------info[10:04:56]--------------------------------
System.Exception: 网络请求地址：https://xbvpn.site/user/node/get-list?limit=500&net_type=TROJAN&request_platform=APP_WINDOWS

 
--------------------------------info[10:05:02]--------------------------------
System.Exception: PAC Webserver prefixes http://127.0.0.1:21883/pac/

 
--------------------------------info[10:05:02]--------------------------------
System.Exception: PAC Webserver at 127.0.0.1:21883

 
--------------------------------info[10:05:02]--------------------------------
System.Exception: PAC Webserver running...

 
--------------------------------info[10:23:40]--------------------------------
System.Exception: 网络请求地址：https://xbvpn.site/user/account/get-info

 
--------------------------------info[10:23:42]--------------------------------
System.Exception: 网络请求地址：https://xbvpn.site/system/default/init?config_version=9c6658718fe1f8be9642ea9e08f1e0a9

 
--------------------------------info[10:23:42]--------------------------------
System.Exception: 网络请求地址：https://xbvpn.site/user/node/get-list?limit=500&net_type=TROJAN&request_platform=APP_WINDOWS

 
--------------------------------由于线程退出或应用程序请求，已中止 I/O 操作。[10:23:42]--------------------------------
System.Net.HttpListenerException (0x80004005): 由于线程退出或应用程序请求，已中止 I/O 操作。
   在 System.Net.HttpListener.GetContext()
   在 WestWorldVPN.Component.HttpWebServer.<Run>b__4_0(Object o)

 
