--------------------------------info[15:32:39]--------------------------------
System.Exception: 网络请求地址：https://xbvpn.site/user/account/get-info

 
--------------------------------info[15:32:41]--------------------------------
System.Exception: 网络请求地址：https://xbvpn.site/system/default/init?config_version=883c4fdab8199561bb95b8cc74960c51

 
--------------------------------info[15:32:42]--------------------------------
System.Exception: PAC Webserver prefixes http://127.0.0.1:21883/pac/

 
--------------------------------info[15:32:42]--------------------------------
System.Exception: PAC Webserver at 127.0.0.1:21883

 
--------------------------------info[15:32:42]--------------------------------
System.Exception: PAC Webserver Request 127.0.0.1

 
--------------------------------info[15:32:42]--------------------------------
System.Exception: PAC Webserver Request 127.0.0.1

 
--------------------------------info[15:32:42]--------------------------------
System.Exception: PAC Webserver Request 127.0.0.1

 
--------------------------------info[15:32:42]--------------------------------
System.Exception: PAC Webserver Request 127.0.0.1

 
--------------------------------info[15:32:42]--------------------------------
System.Exception: PAC Webserver Request 127.0.0.1

 
--------------------------------info[15:32:42]--------------------------------
System.Exception: PAC Webserver Request 127.0.0.1

 
--------------------------------info[15:32:42]--------------------------------
System.Exception: 网络请求地址：https://xbvpn.site/user/node/get-list?limit=500&net_type=TROJAN&request_platform=APP_WINDOWS

 
--------------------------------info[15:32:42]--------------------------------
System.Exception: PAC Webserver Request 127.0.0.1

 
--------------------------------info[15:32:42]--------------------------------
System.Exception: PAC Webserver Request 127.0.0.1

 
--------------------------------info[15:32:42]--------------------------------
System.Exception: PAC Webserver Request 127.0.0.1

 
--------------------------------info[15:32:42]--------------------------------
System.Exception: PAC Webserver Request 127.0.0.1

 
--------------------------------info[15:32:43]--------------------------------
System.Exception: PAC Webserver Request 127.0.0.1

 
--------------------------------info[15:32:43]--------------------------------
System.Exception: PAC Webserver Request 127.0.0.1

 
--------------------------------info[15:32:46]--------------------------------
System.Exception: PAC Webserver Request 127.0.0.1

 
--------------------------------info[15:53:06]--------------------------------
System.Exception: PAC Webserver Request 127.0.0.1

 
--------------------------------info[16:01:18]--------------------------------
System.Exception: PAC Webserver Request 127.0.0.1

 
--------------------------------info[16:44:07]--------------------------------
System.Exception: 网络请求地址：https://xbvpn.site/user/account/get-info

 
--------------------------------info[16:44:08]--------------------------------
System.Exception: 网络请求地址：https://xbvpn.site/system/default/init?config_version=e6b41425d580924180e2ba890d31241a

 
--------------------------------info[16:44:08]--------------------------------
System.Exception: 网络请求地址：https://xbvpn.site/user/node/get-list?limit=500&net_type=TROJAN&request_platform=APP_WINDOWS

 
--------------------------------由于线程退出或应用程序请求，已中止 I/O 操作。[16:44:09]--------------------------------
System.Net.HttpListenerException (0x80004005): 由于线程退出或应用程序请求，已中止 I/O 操作。
   在 System.Net.HttpListener.GetContext()
   在 WestWorldVPN.Component.HttpWebServer.<Run>b__4_0(Object o)

 
--------------------------------info[18:18:38]--------------------------------
System.Exception: 网络请求地址：https://xbvpn.site/user/account/get-info

 
--------------------------------info[18:18:40]--------------------------------
System.Exception: 网络请求地址：https://xbvpn.site/system/default/init?config_version=4d347188082a9b70541d5cfc9a44e8b7

 
--------------------------------info[18:18:40]--------------------------------
System.Exception: PAC Webserver prefixes http://127.0.0.1:21883/pac/

 
--------------------------------info[18:18:40]--------------------------------
System.Exception: PAC Webserver running...

 
--------------------------------info[18:18:40]--------------------------------
System.Exception: PAC Webserver Request 127.0.0.1

 
--------------------------------info[18:18:40]--------------------------------
System.Exception: PAC Webserver Request 127.0.0.1

 
--------------------------------info[18:18:40]--------------------------------
System.Exception: PAC Webserver Request 127.0.0.1

 
--------------------------------info[18:18:40]--------------------------------
System.Exception: PAC Webserver Request 127.0.0.1

 
--------------------------------info[18:18:40]--------------------------------
System.Exception: PAC Webserver Request 127.0.0.1

 
--------------------------------info[18:18:40]--------------------------------
System.Exception: PAC Webserver Request 127.0.0.1

 
--------------------------------info[18:18:40]--------------------------------
System.Exception: 网络请求地址：https://xbvpn.site/user/node/get-list?limit=500&net_type=TROJAN&request_platform=APP_WINDOWS

 
--------------------------------info[18:18:40]--------------------------------
System.Exception: PAC Webserver Request 127.0.0.1

 
--------------------------------info[20:02:11]--------------------------------
System.Exception: PAC Webserver Request 127.0.0.1

 
--------------------------------info[21:01:34]--------------------------------
System.Exception: PAC Webserver Request 127.0.0.1

 
--------------------------------info[22:31:46]--------------------------------
System.Exception: PAC Webserver Request 127.0.0.1

 
--------------------------------info[23:02:02]--------------------------------
System.Exception: PAC Webserver Request 127.0.0.1

 
--------------------------------info[23:31:31]--------------------------------
System.Exception: PAC Webserver Request 127.0.0.1

 
