--------------------------------info[21:52:25]--------------------------------
System.Exception: 程序运行目录 : C:\Users\zhangwei\Desktop\WestWorldVPN-For-Windows\WestWorldVPN.exe

 
--------------------------------info[21:52:25]--------------------------------
System.Exception: Main exe start up 1.06

 
--------------------------------info[21:52:26]--------------------------------
System.Exception: 网络请求地址：https://xbvpn.site/system/default/init?config_version=05c884ff538c5644ab9324562c62637b

 
--------------------------------info[21:52:29]--------------------------------
System.Exception: 网络请求地址：https://xbvpn.site/user/account/get-info

 
--------------------------------info[21:52:29]--------------------------------
System.Exception: 网络请求地址：https://xbvpn.site/system/default/init?config_version=dc118ab30d38ff28ac63db51d0217a25

 
--------------------------------info[21:52:29]--------------------------------
System.Exception: 网络请求地址：https://xbvpn.site/user/node/get-list?limit=500&net_type=TROJAN&request_platform=APP_WINDOWS

 
--------------------------------info[21:52:34]--------------------------------
System.Exception: PAC Webserver prefixes http://127.0.0.1:21883/pac/

 
--------------------------------info[21:52:34]--------------------------------
System.Exception: PAC Webserver at 127.0.0.1:21883

 
--------------------------------info[21:52:34]--------------------------------
System.Exception: PAC Webserver running...

 
--------------------------------info[22:20:43]--------------------------------
System.Exception: 网络请求地址：https://xbvpn.site/user/account/get-info

 
--------------------------------由于线程退出或应用程序请求，已中止 I/O 操作。[22:20:44]--------------------------------
System.Net.HttpListenerException (0x80004005): 由于线程退出或应用程序请求，已中止 I/O 操作。
   在 System.Net.HttpListener.GetContext()
   在 WestWorldVPN.Component.HttpWebServer.<Run>b__4_0(Object o)

 
--------------------------------info[22:20:45]--------------------------------
System.Exception: 网络请求地址：https://xbvpn.site/user/node/get-list?limit=500&net_type=TROJAN&request_platform=APP_WINDOWS

 
--------------------------------info[22:20:46]--------------------------------
System.Exception: 网络请求地址：https://xbvpn.site/system/default/init?config_version=bd2768c1e994cf2729ac7063e8346d8b

 
--------------------------------info[22:20:46]--------------------------------
System.Exception: 网络请求地址：https://xbvpn.site/user/node/get-list?limit=500&net_type=TROJAN&request_platform=APP_WINDOWS

 
--------------------------------info[22:20:54]--------------------------------
System.Exception: PAC Webserver prefixes http://127.0.0.1:21883/pac/

 
--------------------------------info[22:20:54]--------------------------------
System.Exception: PAC Webserver running...

 
--------------------------------info[22:21:20]--------------------------------
System.Exception: 网络请求地址：https://xbvpn.site/user/node/get-list?limit=500&net_type=TROJAN&request_platform=APP_WINDOWS

 
--------------------------------由于线程退出或应用程序请求，已中止 I/O 操作。[22:21:23]--------------------------------
System.Net.HttpListenerException (0x80004005): 由于线程退出或应用程序请求，已中止 I/O 操作。
   在 System.Net.HttpListener.GetContext()
   在 WestWorldVPN.Component.HttpWebServer.<Run>b__4_0(Object o)

 
--------------------------------info[22:21:24]--------------------------------
System.Exception: 网络请求地址：https://xbvpn.site/user/node/get-list?limit=500&net_type=TROJAN&request_platform=APP_WINDOWS

 
--------------------------------info[22:21:29]--------------------------------
System.Exception: PAC Webserver prefixes http://127.0.0.1:21883/pac/

 
--------------------------------info[22:21:29]--------------------------------
System.Exception: PAC Webserver at 127.0.0.1:21883

 
--------------------------------info[22:23:16]--------------------------------
System.Exception: 网络请求地址：https://xbvpn.site/user/account/get-info

 
--------------------------------由于线程退出或应用程序请求，已中止 I/O 操作。[22:23:17]--------------------------------
System.Net.HttpListenerException (0x80004005): 由于线程退出或应用程序请求，已中止 I/O 操作。
   在 System.Net.HttpListener.GetContext()
   在 WestWorldVPN.Component.HttpWebServer.<Run>b__4_0(Object o)

 
--------------------------------info[22:23:19]--------------------------------
System.Exception: 网络请求地址：https://xbvpn.site/system/default/init?config_version=51eb677f9f802dd15f40d73b28b26a5a

 
--------------------------------info[22:23:19]--------------------------------
System.Exception: 网络请求地址：https://xbvpn.site/user/node/get-list?limit=500&net_type=TROJAN&request_platform=APP_WINDOWS

 
--------------------------------info[23:44:31]--------------------------------
System.Exception: 网络请求地址：https://xbvpn.site/user/account/get-info

 
--------------------------------info[23:44:32]--------------------------------
System.Exception: 网络请求地址：https://xbvpn.site/system/default/init?config_version=51eb677f9f802dd15f40d73b28b26a5a

 
--------------------------------info[23:44:32]--------------------------------
System.Exception: 网络请求地址：https://xbvpn.site/user/node/get-list?limit=500&net_type=TROJAN&request_platform=APP_WINDOWS

 
--------------------------------info[23:44:35]--------------------------------
System.Exception: PAC Webserver prefixes http://127.0.0.1:21883/pac/

 
--------------------------------info[23:44:35]--------------------------------
System.Exception: PAC Webserver at 127.0.0.1:21883

 
--------------------------------info[23:53:02]--------------------------------
System.Exception: 网络请求地址：https://xbvpn.site/user/account/get-info

 
--------------------------------由于线程退出或应用程序请求，已中止 I/O 操作。[23:53:04]--------------------------------
System.Net.HttpListenerException (0x80004005): 由于线程退出或应用程序请求，已中止 I/O 操作。
   在 System.Net.HttpListener.GetContext()
   在 WestWorldVPN.Component.HttpWebServer.<Run>b__4_0(Object o)

 
--------------------------------info[23:53:05]--------------------------------
System.Exception: 网络请求地址：https://xbvpn.site/system/default/init?config_version=b75682d91335fbb54f0f31f366e68b63

 
--------------------------------info[23:53:05]--------------------------------
System.Exception: 网络请求地址：https://xbvpn.site/user/node/get-list?limit=500&net_type=TROJAN&request_platform=APP_WINDOWS

 
