--------------------------------info[11:07:07]--------------------------------
System.Exception: 程序运行目录 : C:\Users\zhangwei\Desktop\WestWorldVPN-For-Windows\WestWorldVPN.exe

 
--------------------------------info[11:07:07]--------------------------------
System.Exception: Main exe start up 1.06

 
--------------------------------info[11:07:08]--------------------------------
System.Exception: 网络请求地址：https://xbvpn.site/system/default/init?config_version=31dc1ae3c75ed999d6c759b9e9c83541

 
--------------------------------info[11:07:20]--------------------------------
System.Exception: 网络请求地址：https://xbvpn.site/user/account/get-info

 
--------------------------------info[11:07:21]--------------------------------
System.Exception: 网络请求地址：https://xbvpn.site/system/default/init?config_version=8ea4a471ba6014ff1aa8a54ab79bea10

 
--------------------------------info[11:07:21]--------------------------------
System.Exception: 网络请求地址：https://xbvpn.site/user/node/get-list?limit=500&net_type=TROJAN&request_platform=APP_WINDOWS

 
--------------------------------info[11:07:48]--------------------------------
System.Exception: PAC Webserver prefixes http://127.0.0.1:21883/pac/

 
--------------------------------info[11:07:48]--------------------------------
System.Exception: PAC Webserver at 127.0.0.1:21883

 
--------------------------------info[11:07:48]--------------------------------
System.Exception: PAC Webserver running...

 
--------------------------------info[11:10:06]--------------------------------
System.Exception: 网络请求地址：https://xbvpn.site/user/account/get-info

 
--------------------------------由于线程退出或应用程序请求，已中止 I/O 操作。[11:10:09]--------------------------------
System.Net.HttpListenerException (0x80004005): 由于线程退出或应用程序请求，已中止 I/O 操作。
   在 System.Net.HttpListener.GetContext()
   在 WestWorldVPN.Component.HttpWebServer.<Run>b__4_0(Object o)

 
--------------------------------info[11:10:10]--------------------------------
System.Exception: 网络请求地址：https://xbvpn.site/system/default/init?config_version=68ca664bb4d71c97897c94f46e96c403

 
--------------------------------info[11:10:10]--------------------------------
System.Exception: 网络请求地址：https://xbvpn.site/user/node/get-list?limit=500&net_type=TROJAN&request_platform=APP_WINDOWS

 
--------------------------------info[14:41:50]--------------------------------
System.Exception: 程序运行目录 : C:\Users\zhangwei\Desktop\WestWorldVPN-For-Windows\WestWorldVPN.exe

 
--------------------------------info[14:41:50]--------------------------------
System.Exception: Main exe start up 1.06

 
--------------------------------info[14:41:51]--------------------------------
System.Exception: 网络请求地址：https://xbvpn.site/system/default/init?config_version=2dff8fd701d2bff21baa7d9031584cc8

 
--------------------------------info[14:42:09]--------------------------------
System.Exception: 网络请求地址：https://xbvpn.site/user/account/get-info

 
--------------------------------info[14:42:10]--------------------------------
System.Exception: 网络请求地址：https://xbvpn.site/system/default/init?config_version=d543557c70f5a78267585ad23e37913d

 
--------------------------------info[14:42:10]--------------------------------
System.Exception: 网络请求地址：https://xbvpn.site/user/node/get-list?limit=500&net_type=TROJAN&request_platform=APP_WINDOWS

 
--------------------------------info[14:42:29]--------------------------------
System.Exception: PAC Webserver prefixes http://127.0.0.1:21883/pac/

 
--------------------------------info[14:42:29]--------------------------------
System.Exception: PAC Webserver at 127.0.0.1:21883

 
--------------------------------info[14:42:29]--------------------------------
System.Exception: PAC Webserver running...

 
--------------------------------info[15:02:21]--------------------------------
System.Exception: 网络请求地址：https://xbvpn.site/user/account/get-info

 
--------------------------------由于线程退出或应用程序请求，已中止 I/O 操作。[15:02:23]--------------------------------
System.Net.HttpListenerException (0x80004005): 由于线程退出或应用程序请求，已中止 I/O 操作。
   在 System.Net.HttpListener.GetContext()
   在 WestWorldVPN.Component.HttpWebServer.<Run>b__4_0(Object o)

 
--------------------------------info[15:02:24]--------------------------------
System.Exception: 网络请求地址：https://xbvpn.site/system/default/init?config_version=e929c6d750efc6b2e5c147d8b7d31742

 
--------------------------------info[15:02:24]--------------------------------
System.Exception: 网络请求地址：https://xbvpn.site/user/node/get-list?limit=500&net_type=TROJAN&request_platform=APP_WINDOWS

 
--------------------------------info[15:18:50]--------------------------------
System.Exception: 网络请求地址：https://xbvpn.site/user/account/get-info

 
--------------------------------info[15:18:51]--------------------------------
System.Exception: 网络请求地址：https://xbvpn.site/system/default/init?config_version=be6e9027d434db9ee4c5a1a20ae9f639

 
--------------------------------info[15:18:51]--------------------------------
System.Exception: 网络请求地址：https://xbvpn.site/user/node/get-list?limit=500&net_type=TROJAN&request_platform=APP_WINDOWS

 
--------------------------------info[15:18:52]--------------------------------
System.Exception: PAC Webserver prefixes http://127.0.0.1:21883/pac/

 
--------------------------------info[15:18:52]--------------------------------
System.Exception: PAC Webserver running...

 
--------------------------------info[15:29:33]--------------------------------
System.Exception: 网络请求地址：https://xbvpn.site/user/account/get-info

 
--------------------------------由于线程退出或应用程序请求，已中止 I/O 操作。[15:29:35]--------------------------------
System.Net.HttpListenerException (0x80004005): 由于线程退出或应用程序请求，已中止 I/O 操作。
   在 System.Net.HttpListener.GetContext()
   在 WestWorldVPN.Component.HttpWebServer.<Run>b__4_0(Object o)

 
--------------------------------info[15:29:35]--------------------------------
System.Exception: 网络请求地址：https://xbvpn.site/system/default/init?config_version=46751d6e1877949e3081025ed88d5162

 
--------------------------------info[15:29:35]--------------------------------
System.Exception: 网络请求地址：https://xbvpn.site/user/node/get-list?limit=500&net_type=TROJAN&request_platform=APP_WINDOWS

 
--------------------------------info[15:30:52]--------------------------------
System.Exception: 网络请求地址：https://xbvpn.site/user/account/get-info

 
--------------------------------info[15:30:52]--------------------------------
System.Exception: 网络请求地址：https://xbvpn.site/system/default/init?config_version=0237db88d4293dcbb3fa7b7cdce9d496

 
--------------------------------info[15:30:52]--------------------------------
System.Exception: 网络请求地址：https://xbvpn.site/user/node/get-list?limit=500&net_type=TROJAN&request_platform=APP_WINDOWS

 
--------------------------------info[15:30:54]--------------------------------
System.Exception: PAC Webserver prefixes http://127.0.0.1:21883/pac/

 
--------------------------------info[15:30:54]--------------------------------
System.Exception: PAC Webserver running...

 
--------------------------------info[15:50:34]--------------------------------
System.Exception: 网络请求地址：https://xbvpn.site/user/account/get-info

 
--------------------------------由于线程退出或应用程序请求，已中止 I/O 操作。[15:50:36]--------------------------------
System.Net.HttpListenerException (0x80004005): 由于线程退出或应用程序请求，已中止 I/O 操作。
   在 System.Net.HttpListener.GetContext()
   在 WestWorldVPN.Component.HttpWebServer.<Run>b__4_0(Object o)

 
--------------------------------info[15:50:37]--------------------------------
System.Exception: 网络请求地址：https://xbvpn.site/system/default/init?config_version=51806606e5ccf7e3a1ca722d08def6e2

 
--------------------------------info[15:50:37]--------------------------------
System.Exception: 网络请求地址：https://xbvpn.site/user/node/get-list?limit=500&net_type=TROJAN&request_platform=APP_WINDOWS

 
