--------------------------------info[09:39:15]--------------------------------
System.Exception: 程序运行目录 : C:\Users\zhangwei\Desktop\WestWorldVPN-For-Windows\WestWorldVPN.exe

 
--------------------------------info[09:39:15]--------------------------------
System.Exception: Main exe start up 1.06

 
--------------------------------info[09:39:15]--------------------------------
System.Exception: 网络请求地址：https://xbvpn.site/system/default/init?config_version=385365805704528417d9d6356eb9614b

 
--------------------------------info[09:39:18]--------------------------------
System.Exception: 网络请求地址：https://xbvpn.site/user/account/get-info

 
--------------------------------info[09:39:19]--------------------------------
System.Exception: 网络请求地址：https://xbvpn.site/system/default/init?config_version=8ed87e98e3332b36c550475742397de4

 
--------------------------------info[09:39:19]--------------------------------
System.Exception: 网络请求地址：https://xbvpn.site/user/node/get-list?limit=500&net_type=TROJAN&request_platform=APP_WINDOWS

 
--------------------------------info[09:39:24]--------------------------------
System.Exception: PAC Webserver prefixes http://127.0.0.1:21883/pac/

 
--------------------------------info[09:39:24]--------------------------------
System.Exception: PAC Webserver at 127.0.0.1:21883

 
--------------------------------info[09:39:24]--------------------------------
System.Exception: PAC Webserver running...

 
--------------------------------info[09:47:22]--------------------------------
System.Exception: 网络请求地址：https://xbvpn.site/user/account/get-info

 
--------------------------------由于线程退出或应用程序请求，已中止 I/O 操作。[09:47:23]--------------------------------
System.Net.HttpListenerException (0x80004005): 由于线程退出或应用程序请求，已中止 I/O 操作。
   在 System.Net.HttpListener.GetContext()
   在 WestWorldVPN.Component.HttpWebServer.<Run>b__4_0(Object o)

 
--------------------------------info[09:47:24]--------------------------------
System.Exception: 网络请求地址：https://xbvpn.site/system/default/init?config_version=3b9804446fc42dbf12dbe8fd285c2556

 
--------------------------------info[09:47:24]--------------------------------
System.Exception: 网络请求地址：https://xbvpn.site/user/node/get-list?limit=500&net_type=TROJAN&request_platform=APP_WINDOWS

 
--------------------------------info[09:56:45]--------------------------------
System.Exception: 网络请求地址：https://xbvpn.site/user/account/get-info

 
--------------------------------info[09:56:46]--------------------------------
System.Exception: 网络请求地址：https://xbvpn.site/system/default/init?config_version=8f85510b1728999a029e5c3aa41011f6

 
--------------------------------info[09:56:46]--------------------------------
System.Exception: 网络请求地址：https://xbvpn.site/user/node/get-list?limit=500&net_type=TROJAN&request_platform=APP_WINDOWS

 
--------------------------------info[09:59:15]--------------------------------
System.Exception: 网络请求地址：https://xbvpn.site/user/account/get-info

 
--------------------------------info[09:59:17]--------------------------------
System.Exception: 网络请求地址：https://xbvpn.site/system/default/init?config_version=fb6fbafd36f403f3fa8ab0e59111ff18

 
--------------------------------info[09:59:18]--------------------------------
System.Exception: PAC Webserver prefixes http://127.0.0.1:21883/pac/

 
--------------------------------info[09:59:18]--------------------------------
System.Exception: PAC Webserver at 127.0.0.1:21883

 
--------------------------------info[09:59:18]--------------------------------
System.Exception: 网络请求地址：https://xbvpn.site/user/node/get-list?limit=500&net_type=TROJAN&request_platform=APP_WINDOWS

 
--------------------------------info[11:25:36]--------------------------------
System.Exception: 网络请求地址：https://xbvpn.site/user/account/get-info

 
--------------------------------由于线程退出或应用程序请求，已中止 I/O 操作。[11:25:37]--------------------------------
System.Net.HttpListenerException (0x80004005): 由于线程退出或应用程序请求，已中止 I/O 操作。
   在 System.Net.HttpListener.GetContext()
   在 WestWorldVPN.Component.HttpWebServer.<Run>b__4_0(Object o)

 
--------------------------------info[11:25:38]--------------------------------
System.Exception: 网络请求地址：https://xbvpn.site/system/default/init?config_version=0bfbf56f2cf715bb83c7e0357681a9ff

 
--------------------------------info[11:25:38]--------------------------------
System.Exception: 网络请求地址：https://xbvpn.site/user/node/get-list?limit=500&net_type=TROJAN&request_platform=APP_WINDOWS

 
