--------------------------------info[10:11:01]--------------------------------
System.Exception: 程序运行目录 : C:\Users\zhangwei\Desktop\WestWorldVPN-For-Windows\WestWorldVPN.exe

 
--------------------------------info[10:11:01]--------------------------------
System.Exception: Main exe start up 1.06

 
--------------------------------info[10:11:01]--------------------------------
System.Exception: 网络请求地址：https://xbvpn.site/system/default/init?config_version=22e28a655cfdabc3e5e8eb72eee70401

 
--------------------------------info[10:11:03]--------------------------------
System.Exception: 网络请求地址：https://xbvpn.site/user/account/get-info

 
--------------------------------info[10:11:07]--------------------------------
System.Exception: PAC Webserver prefixes http://127.0.0.1:21883/pac/

 
--------------------------------info[10:11:07]--------------------------------
System.Exception: PAC Webserver at 127.0.0.1:21883

 
--------------------------------info[10:11:07]--------------------------------
System.Exception: PAC Webserver running...

 
--------------------------------info[10:11:10]--------------------------------
System.Exception: 网络请求地址：https://xbvpn.site/user/account/get-info

 
--------------------------------info[10:11:17]--------------------------------
System.Exception: 网络请求地址：https://xbsj9855.xyz/user/account/get-info

 
--------------------------------网络请求异常：操作超时[10:11:24]--------------------------------
System.Net.WebException: 操作超时
   在 System.Net.HttpWebRequest.GetResponse()
   在 WestWorldVPN.App.Library.Api.Get(String path, LocalConfig config, Int32 retryTimes)

 
--------------------------------info[10:11:24]--------------------------------
System.Exception: 网络请求地址：https://xbvpn.site/system/default/init?config_version=22e28a655cfdabc3e5e8eb72eee70401

 
--------------------------------info[10:11:24]--------------------------------
System.Exception: 网络请求地址：https://xbvpn.site/user/node/get-list?limit=500&net_type=TROJAN&request_platform=APP_WINDOWS

 
--------------------------------info[10:11:31]--------------------------------
System.Exception: 网络请求地址：https://xbvpn.site/system/default/init?config_version=22e28a655cfdabc3e5e8eb72eee70401

 
--------------------------------info[10:11:38]--------------------------------
System.Exception: 网络请求地址：https://xbsj9855.xyz/system/default/init?config_version=22e28a655cfdabc3e5e8eb72eee70401

 
--------------------------------info[10:11:38]--------------------------------
System.Exception: 网络请求地址：https://xbsj9855.xyz/user/node/get-list?limit=500&net_type=TROJAN&request_platform=APP_WINDOWS

 
--------------------------------网络请求异常：操作超时[10:11:45]--------------------------------
System.Net.WebException: 操作超时
   在 System.Net.HttpWebRequest.GetResponse()
   在 WestWorldVPN.App.Library.Api.Get(String path, LocalConfig config, Int32 retryTimes)

 
--------------------------------info[10:11:51]--------------------------------
System.Exception: 网络请求地址：https://xbvpn.site/user/node/get-list?limit=500&net_type=TROJAN&request_platform=APP_WINDOWS

 
--------------------------------info[10:11:59]--------------------------------
System.Exception: 网络请求地址：https://xbvpn.site/user/node/get-list?limit=500&net_type=TROJAN&request_platform=APP_WINDOWS

 
--------------------------------info[10:12:06]--------------------------------
System.Exception: 网络请求地址：https://xbsj9855.xyz/user/node/get-list?limit=500&net_type=TROJAN&request_platform=APP_WINDOWS

 
--------------------------------info[10:12:12]--------------------------------
System.Exception: 网络请求地址：https://xbvpn.site/user/account/get-info

 
--------------------------------网络请求异常：操作超时[10:12:13]--------------------------------
System.Net.WebException: 操作超时
   在 System.Net.HttpWebRequest.GetResponse()
   在 WestWorldVPN.App.Library.Api.Get(String path, LocalConfig config, Int32 retryTimes)

 
--------------------------------由于线程退出或应用程序请求，已中止 I/O 操作。[10:12:13]--------------------------------
System.Net.HttpListenerException (0x80004005): 由于线程退出或应用程序请求，已中止 I/O 操作。
   在 System.Net.HttpListener.GetContext()
   在 WestWorldVPN.Component.HttpWebServer.<Run>b__4_0(Object o)

 
--------------------------------info[10:12:16]--------------------------------
System.Exception: 网络请求地址：https://xbvpn.site/system/default/init?config_version=22e28a655cfdabc3e5e8eb72eee70401

 
--------------------------------info[10:12:16]--------------------------------
System.Exception: 网络请求地址：https://xbvpn.site/user/node/get-list?limit=500&net_type=TROJAN&request_platform=APP_WINDOWS

 
--------------------------------info[10:12:29]--------------------------------
System.Exception: PAC Webserver prefixes http://127.0.0.1:21883/pac/

 
--------------------------------info[10:12:29]--------------------------------
System.Exception: PAC Webserver running...

 
--------------------------------info[10:15:51]--------------------------------
System.Exception: 网络请求地址：https://xbvpn.site/user/account/get-info

 
--------------------------------info[10:15:51]--------------------------------
System.Exception: 网络请求地址：https://xbvpn.site/system/default/init?config_version=a5d5837d1f2d74e3726c54dad6b64a80

 
--------------------------------info[10:15:51]--------------------------------
System.Exception: 网络请求地址：https://xbvpn.site/user/node/get-list?limit=500&net_type=TROJAN&request_platform=APP_WINDOWS

 
--------------------------------由于线程退出或应用程序请求，已中止 I/O 操作。[10:15:53]--------------------------------
System.Net.HttpListenerException (0x80004005): 由于线程退出或应用程序请求，已中止 I/O 操作。
   在 System.Net.HttpListener.GetContext()
   在 WestWorldVPN.Component.HttpWebServer.<Run>b__4_0(Object o)

 
